CRITICAL - 2024-01-09 07:02:28 --> Trying to access array offset on value of type null
in APPPATH\Views\v_home.php on line 299.
 1 APPPATH\Views\v_home.php(299): CodeIgniter\Debug\Exceptions->errorHandler(2, 'Trying to access array offset on value of type null', 'C:\\laragon\\www\\bhumipertanahandemo\\app\\Views\\v_home.php', 299)
 2 SYSTEMPATH\View\View.php(228): include('C:\\laragon\\www\\bhumipertanahandemo\\app\\Views\\v_home.php')
 3 SYSTEMPATH\View\View.php(231): CodeIgniter\View\View->CodeIgniter\View\{closure}()
 4 SYSTEMPATH\Common.php(1190): CodeIgniter\View\View->render('v_home', [], true)
 5 APPPATH\Views\template\v_content.php(3): view('v_home')
 6 APPPATH\Views\template\v_wrapper.php(4): require_once('C:\\laragon\\www\\bhumipertanahandemo\\app\\Views\\template\\v_content.php')
 7 SYSTEMPATH\View\View.php(228): include('C:\\laragon\\www\\bhumipertanahandemo\\app\\Views\\template\\v_wrapper.php')
 8 SYSTEMPATH\View\View.php(231): CodeIgniter\View\View->CodeIgniter\View\{closure}()
 9 SYSTEMPATH\Common.php(1190): CodeIgniter\View\View->render('template/v_wrapper', [], true)
10 APPPATH\Controllers\Home.php(33): view('template/v_wrapper', [...])
11 SYSTEMPATH\CodeIgniter.php(942): App\Controllers\Home->index()
12 SYSTEMPATH\CodeIgniter.php(502): CodeIgniter\CodeIgniter->runController(Object(App\Controllers\Home))
13 SYSTEMPATH\CodeIgniter.php(361): CodeIgniter\CodeIgniter->handleRequest(null, Object(Config\Cache), false)
14 FCPATH\index.php(79): CodeIgniter\CodeIgniter->run()
CRITICAL - 2024-01-09 07:03:45 --> Undefined variable $s
in APPPATH\Views\v_home.php on line 299.
 1 APPPATH\Views\v_home.php(299): CodeIgniter\Debug\Exceptions->errorHandler(2, 'Undefined variable $s', 'C:\\laragon\\www\\bhumipertanahandemo\\app\\Views\\v_home.php', 299)
 2 SYSTEMPATH\View\View.php(228): include('C:\\laragon\\www\\bhumipertanahandemo\\app\\Views\\v_home.php')
 3 SYSTEMPATH\View\View.php(231): CodeIgniter\View\View->CodeIgniter\View\{closure}()
 4 SYSTEMPATH\Common.php(1190): CodeIgniter\View\View->render('v_home', [], true)
 5 APPPATH\Views\template\v_content.php(3): view('v_home')
 6 APPPATH\Views\template\v_wrapper.php(4): require_once('C:\\laragon\\www\\bhumipertanahandemo\\app\\Views\\template\\v_content.php')
 7 SYSTEMPATH\View\View.php(228): include('C:\\laragon\\www\\bhumipertanahandemo\\app\\Views\\template\\v_wrapper.php')
 8 SYSTEMPATH\View\View.php(231): CodeIgniter\View\View->CodeIgniter\View\{closure}()
 9 SYSTEMPATH\Common.php(1190): CodeIgniter\View\View->render('template/v_wrapper', [], true)
10 APPPATH\Controllers\Home.php(33): view('template/v_wrapper', [...])
11 SYSTEMPATH\CodeIgniter.php(942): App\Controllers\Home->index()
12 SYSTEMPATH\CodeIgniter.php(502): CodeIgniter\CodeIgniter->runController(Object(App\Controllers\Home))
13 SYSTEMPATH\CodeIgniter.php(361): CodeIgniter\CodeIgniter->handleRequest(null, Object(Config\Cache), false)
14 FCPATH\index.php(79): CodeIgniter\CodeIgniter->run()
CRITICAL - 2024-01-09 07:04:00 --> Trying to access array offset on value of type null
in APPPATH\Views\v_home.php on line 299.
 1 APPPATH\Views\v_home.php(299): CodeIgniter\Debug\Exceptions->errorHandler(2, 'Trying to access array offset on value of type null', 'C:\\laragon\\www\\bhumipertanahandemo\\app\\Views\\v_home.php', 299)
 2 SYSTEMPATH\View\View.php(228): include('C:\\laragon\\www\\bhumipertanahandemo\\app\\Views\\v_home.php')
 3 SYSTEMPATH\View\View.php(231): CodeIgniter\View\View->CodeIgniter\View\{closure}()
 4 SYSTEMPATH\Common.php(1190): CodeIgniter\View\View->render('v_home', [], true)
 5 APPPATH\Views\template\v_content.php(3): view('v_home')
 6 APPPATH\Views\template\v_wrapper.php(4): require_once('C:\\laragon\\www\\bhumipertanahandemo\\app\\Views\\template\\v_content.php')
 7 SYSTEMPATH\View\View.php(228): include('C:\\laragon\\www\\bhumipertanahandemo\\app\\Views\\template\\v_wrapper.php')
 8 SYSTEMPATH\View\View.php(231): CodeIgniter\View\View->CodeIgniter\View\{closure}()
 9 SYSTEMPATH\Common.php(1190): CodeIgniter\View\View->render('template/v_wrapper', [], true)
10 APPPATH\Controllers\Home.php(33): view('template/v_wrapper', [...])
11 SYSTEMPATH\CodeIgniter.php(942): App\Controllers\Home->index()
12 SYSTEMPATH\CodeIgniter.php(502): CodeIgniter\CodeIgniter->runController(Object(App\Controllers\Home))
13 SYSTEMPATH\CodeIgniter.php(361): CodeIgniter\CodeIgniter->handleRequest(null, Object(Config\Cache), false)
14 FCPATH\index.php(79): CodeIgniter\CodeIgniter->run()
CRITICAL - 2024-01-09 07:04:23 --> Trying to access array offset on value of type null
in APPPATH\Views\v_home.php on line 299.
 1 APPPATH\Views\v_home.php(299): CodeIgniter\Debug\Exceptions->errorHandler(2, 'Trying to access array offset on value of type null', 'C:\\laragon\\www\\bhumipertanahandemo\\app\\Views\\v_home.php', 299)
 2 SYSTEMPATH\View\View.php(228): include('C:\\laragon\\www\\bhumipertanahandemo\\app\\Views\\v_home.php')
 3 SYSTEMPATH\View\View.php(231): CodeIgniter\View\View->CodeIgniter\View\{closure}()
 4 SYSTEMPATH\Common.php(1190): CodeIgniter\View\View->render('v_home', [], true)
 5 APPPATH\Views\template\v_content.php(3): view('v_home')
 6 APPPATH\Views\template\v_wrapper.php(4): require_once('C:\\laragon\\www\\bhumipertanahandemo\\app\\Views\\template\\v_content.php')
 7 SYSTEMPATH\View\View.php(228): include('C:\\laragon\\www\\bhumipertanahandemo\\app\\Views\\template\\v_wrapper.php')
 8 SYSTEMPATH\View\View.php(231): CodeIgniter\View\View->CodeIgniter\View\{closure}()
 9 SYSTEMPATH\Common.php(1190): CodeIgniter\View\View->render('template/v_wrapper', [], true)
10 APPPATH\Controllers\Home.php(33): view('template/v_wrapper', [...])
11 SYSTEMPATH\CodeIgniter.php(942): App\Controllers\Home->index()
12 SYSTEMPATH\CodeIgniter.php(502): CodeIgniter\CodeIgniter->runController(Object(App\Controllers\Home))
13 SYSTEMPATH\CodeIgniter.php(361): CodeIgniter\CodeIgniter->handleRequest(null, Object(Config\Cache), false)
14 FCPATH\index.php(79): CodeIgniter\CodeIgniter->run()
CRITICAL - 2024-01-09 07:04:32 --> Trying to access array offset on value of type null
in APPPATH\Views\v_home.php on line 299.
 1 APPPATH\Views\v_home.php(299): CodeIgniter\Debug\Exceptions->errorHandler(2, 'Trying to access array offset on value of type null', 'C:\\laragon\\www\\bhumipertanahandemo\\app\\Views\\v_home.php', 299)
 2 SYSTEMPATH\View\View.php(228): include('C:\\laragon\\www\\bhumipertanahandemo\\app\\Views\\v_home.php')
 3 SYSTEMPATH\View\View.php(231): CodeIgniter\View\View->CodeIgniter\View\{closure}()
 4 SYSTEMPATH\Common.php(1190): CodeIgniter\View\View->render('v_home', [], true)
 5 APPPATH\Views\template\v_content.php(3): view('v_home')
 6 APPPATH\Views\template\v_wrapper.php(4): require_once('C:\\laragon\\www\\bhumipertanahandemo\\app\\Views\\template\\v_content.php')
 7 SYSTEMPATH\View\View.php(228): include('C:\\laragon\\www\\bhumipertanahandemo\\app\\Views\\template\\v_wrapper.php')
 8 SYSTEMPATH\View\View.php(231): CodeIgniter\View\View->CodeIgniter\View\{closure}()
 9 SYSTEMPATH\Common.php(1190): CodeIgniter\View\View->render('template/v_wrapper', [], true)
10 APPPATH\Controllers\Home.php(33): view('template/v_wrapper', [...])
11 SYSTEMPATH\CodeIgniter.php(942): App\Controllers\Home->index()
12 SYSTEMPATH\CodeIgniter.php(502): CodeIgniter\CodeIgniter->runController(Object(App\Controllers\Home))
13 SYSTEMPATH\CodeIgniter.php(361): CodeIgniter\CodeIgniter->handleRequest(null, Object(Config\Cache), false)
14 FCPATH\index.php(79): CodeIgniter\CodeIgniter->run()
CRITICAL - 2024-01-09 07:04:39 --> Trying to access array offset on value of type null
in APPPATH\Views\v_home.php on line 299.
 1 APPPATH\Views\v_home.php(299): CodeIgniter\Debug\Exceptions->errorHandler(2, 'Trying to access array offset on value of type null', 'C:\\laragon\\www\\bhumipertanahandemo\\app\\Views\\v_home.php', 299)
 2 SYSTEMPATH\View\View.php(228): include('C:\\laragon\\www\\bhumipertanahandemo\\app\\Views\\v_home.php')
 3 SYSTEMPATH\View\View.php(231): CodeIgniter\View\View->CodeIgniter\View\{closure}()
 4 SYSTEMPATH\Common.php(1190): CodeIgniter\View\View->render('v_home', [], true)
 5 APPPATH\Views\template\v_content.php(3): view('v_home')
 6 APPPATH\Views\template\v_wrapper.php(4): require_once('C:\\laragon\\www\\bhumipertanahandemo\\app\\Views\\template\\v_content.php')
 7 SYSTEMPATH\View\View.php(228): include('C:\\laragon\\www\\bhumipertanahandemo\\app\\Views\\template\\v_wrapper.php')
 8 SYSTEMPATH\View\View.php(231): CodeIgniter\View\View->CodeIgniter\View\{closure}()
 9 SYSTEMPATH\Common.php(1190): CodeIgniter\View\View->render('template/v_wrapper', [], true)
10 APPPATH\Controllers\Home.php(33): view('template/v_wrapper', [...])
11 SYSTEMPATH\CodeIgniter.php(942): App\Controllers\Home->index()
12 SYSTEMPATH\CodeIgniter.php(502): CodeIgniter\CodeIgniter->runController(Object(App\Controllers\Home))
13 SYSTEMPATH\CodeIgniter.php(361): CodeIgniter\CodeIgniter->handleRequest(null, Object(Config\Cache), false)
14 FCPATH\index.php(79): CodeIgniter\CodeIgniter->run()
CRITICAL - 2024-01-09 07:06:08 --> Trying to access array offset on value of type null
in APPPATH\Views\v_home.php on line 299.
 1 APPPATH\Views\v_home.php(299): CodeIgniter\Debug\Exceptions->errorHandler(2, 'Trying to access array offset on value of type null', 'C:\\laragon\\www\\bhumipertanahandemo\\app\\Views\\v_home.php', 299)
 2 SYSTEMPATH\View\View.php(228): include('C:\\laragon\\www\\bhumipertanahandemo\\app\\Views\\v_home.php')
 3 SYSTEMPATH\View\View.php(231): CodeIgniter\View\View->CodeIgniter\View\{closure}()
 4 SYSTEMPATH\Common.php(1190): CodeIgniter\View\View->render('v_home', [], true)
 5 APPPATH\Views\template\v_content.php(3): view('v_home')
 6 APPPATH\Views\template\v_wrapper.php(4): require_once('C:\\laragon\\www\\bhumipertanahandemo\\app\\Views\\template\\v_content.php')
 7 SYSTEMPATH\View\View.php(228): include('C:\\laragon\\www\\bhumipertanahandemo\\app\\Views\\template\\v_wrapper.php')
 8 SYSTEMPATH\View\View.php(231): CodeIgniter\View\View->CodeIgniter\View\{closure}()
 9 SYSTEMPATH\Common.php(1190): CodeIgniter\View\View->render('template/v_wrapper', [], true)
10 APPPATH\Controllers\Home.php(35): view('template/v_wrapper', [...])
11 SYSTEMPATH\CodeIgniter.php(942): App\Controllers\Home->index()
12 SYSTEMPATH\CodeIgniter.php(502): CodeIgniter\CodeIgniter->runController(Object(App\Controllers\Home))
13 SYSTEMPATH\CodeIgniter.php(361): CodeIgniter\CodeIgniter->handleRequest(null, Object(Config\Cache), false)
14 FCPATH\index.php(79): CodeIgniter\CodeIgniter->run()
CRITICAL - 2024-01-09 07:06:30 --> Trying to access array offset on value of type null
in APPPATH\Views\v_home.php on line 299.
 1 APPPATH\Views\v_home.php(299): CodeIgniter\Debug\Exceptions->errorHandler(2, 'Trying to access array offset on value of type null', 'C:\\laragon\\www\\bhumipertanahandemo\\app\\Views\\v_home.php', 299)
 2 SYSTEMPATH\View\View.php(228): include('C:\\laragon\\www\\bhumipertanahandemo\\app\\Views\\v_home.php')
 3 SYSTEMPATH\View\View.php(231): CodeIgniter\View\View->CodeIgniter\View\{closure}()
 4 SYSTEMPATH\Common.php(1190): CodeIgniter\View\View->render('v_home', [], true)
 5 APPPATH\Views\template\v_content.php(3): view('v_home')
 6 APPPATH\Views\template\v_wrapper.php(4): require_once('C:\\laragon\\www\\bhumipertanahandemo\\app\\Views\\template\\v_content.php')
 7 SYSTEMPATH\View\View.php(228): include('C:\\laragon\\www\\bhumipertanahandemo\\app\\Views\\template\\v_wrapper.php')
 8 SYSTEMPATH\View\View.php(231): CodeIgniter\View\View->CodeIgniter\View\{closure}()
 9 SYSTEMPATH\Common.php(1190): CodeIgniter\View\View->render('template/v_wrapper', [], true)
10 APPPATH\Controllers\Home.php(35): view('template/v_wrapper', [...])
11 SYSTEMPATH\CodeIgniter.php(942): App\Controllers\Home->index()
12 SYSTEMPATH\CodeIgniter.php(502): CodeIgniter\CodeIgniter->runController(Object(App\Controllers\Home))
13 SYSTEMPATH\CodeIgniter.php(361): CodeIgniter\CodeIgniter->handleRequest(null, Object(Config\Cache), false)
14 FCPATH\index.php(79): CodeIgniter\CodeIgniter->run()
CRITICAL - 2024-01-09 07:06:33 --> Trying to access array offset on value of type null
in APPPATH\Views\v_home.php on line 299.
 1 APPPATH\Views\v_home.php(299): CodeIgniter\Debug\Exceptions->errorHandler(2, 'Trying to access array offset on value of type null', 'C:\\laragon\\www\\bhumipertanahandemo\\app\\Views\\v_home.php', 299)
 2 SYSTEMPATH\View\View.php(228): include('C:\\laragon\\www\\bhumipertanahandemo\\app\\Views\\v_home.php')
 3 SYSTEMPATH\View\View.php(231): CodeIgniter\View\View->CodeIgniter\View\{closure}()
 4 SYSTEMPATH\Common.php(1190): CodeIgniter\View\View->render('v_home', [], true)
 5 APPPATH\Views\template\v_content.php(3): view('v_home')
 6 APPPATH\Views\template\v_wrapper.php(4): require_once('C:\\laragon\\www\\bhumipertanahandemo\\app\\Views\\template\\v_content.php')
 7 SYSTEMPATH\View\View.php(228): include('C:\\laragon\\www\\bhumipertanahandemo\\app\\Views\\template\\v_wrapper.php')
 8 SYSTEMPATH\View\View.php(231): CodeIgniter\View\View->CodeIgniter\View\{closure}()
 9 SYSTEMPATH\Common.php(1190): CodeIgniter\View\View->render('template/v_wrapper', [], true)
10 APPPATH\Controllers\Home.php(35): view('template/v_wrapper', [...])
11 SYSTEMPATH\CodeIgniter.php(942): App\Controllers\Home->index()
12 SYSTEMPATH\CodeIgniter.php(502): CodeIgniter\CodeIgniter->runController(Object(App\Controllers\Home))
13 SYSTEMPATH\CodeIgniter.php(361): CodeIgniter\CodeIgniter->handleRequest(null, Object(Config\Cache), false)
14 FCPATH\index.php(79): CodeIgniter\CodeIgniter->run()
CRITICAL - 2024-01-09 07:09:58 --> Trying to access array offset on value of type null
in APPPATH\Views\v_home.php on line 287.
 1 APPPATH\Views\v_home.php(287): CodeIgniter\Debug\Exceptions->errorHandler(2, 'Trying to access array offset on value of type null', 'C:\\laragon\\www\\bhumipertanahandemo\\app\\Views\\v_home.php', 287)
 2 SYSTEMPATH\View\View.php(228): include('C:\\laragon\\www\\bhumipertanahandemo\\app\\Views\\v_home.php')
 3 SYSTEMPATH\View\View.php(231): CodeIgniter\View\View->CodeIgniter\View\{closure}()
 4 SYSTEMPATH\Common.php(1190): CodeIgniter\View\View->render('v_home', [], true)
 5 APPPATH\Views\template\v_content.php(3): view('v_home')
 6 APPPATH\Views\template\v_wrapper.php(4): require_once('C:\\laragon\\www\\bhumipertanahandemo\\app\\Views\\template\\v_content.php')
 7 SYSTEMPATH\View\View.php(228): include('C:\\laragon\\www\\bhumipertanahandemo\\app\\Views\\template\\v_wrapper.php')
 8 SYSTEMPATH\View\View.php(231): CodeIgniter\View\View->CodeIgniter\View\{closure}()
 9 SYSTEMPATH\Common.php(1190): CodeIgniter\View\View->render('template/v_wrapper', [], true)
10 APPPATH\Controllers\Home.php(35): view('template/v_wrapper', [...])
11 SYSTEMPATH\CodeIgniter.php(942): App\Controllers\Home->index()
12 SYSTEMPATH\CodeIgniter.php(502): CodeIgniter\CodeIgniter->runController(Object(App\Controllers\Home))
13 SYSTEMPATH\CodeIgniter.php(361): CodeIgniter\CodeIgniter->handleRequest(null, Object(Config\Cache), false)
14 FCPATH\index.php(79): CodeIgniter\CodeIgniter->run()
CRITICAL - 2024-01-09 07:10:02 --> Trying to access array offset on value of type null
in APPPATH\Views\v_home.php on line 287.
 1 APPPATH\Views\v_home.php(287): CodeIgniter\Debug\Exceptions->errorHandler(2, 'Trying to access array offset on value of type null', 'C:\\laragon\\www\\bhumipertanahandemo\\app\\Views\\v_home.php', 287)
 2 SYSTEMPATH\View\View.php(228): include('C:\\laragon\\www\\bhumipertanahandemo\\app\\Views\\v_home.php')
 3 SYSTEMPATH\View\View.php(231): CodeIgniter\View\View->CodeIgniter\View\{closure}()
 4 SYSTEMPATH\Common.php(1190): CodeIgniter\View\View->render('v_home', [], true)
 5 APPPATH\Views\template\v_content.php(3): view('v_home')
 6 APPPATH\Views\template\v_wrapper.php(4): require_once('C:\\laragon\\www\\bhumipertanahandemo\\app\\Views\\template\\v_content.php')
 7 SYSTEMPATH\View\View.php(228): include('C:\\laragon\\www\\bhumipertanahandemo\\app\\Views\\template\\v_wrapper.php')
 8 SYSTEMPATH\View\View.php(231): CodeIgniter\View\View->CodeIgniter\View\{closure}()
 9 SYSTEMPATH\Common.php(1190): CodeIgniter\View\View->render('template/v_wrapper', [], true)
10 APPPATH\Controllers\Home.php(35): view('template/v_wrapper', [...])
11 SYSTEMPATH\CodeIgniter.php(942): App\Controllers\Home->index()
12 SYSTEMPATH\CodeIgniter.php(502): CodeIgniter\CodeIgniter->runController(Object(App\Controllers\Home))
13 SYSTEMPATH\CodeIgniter.php(361): CodeIgniter\CodeIgniter->handleRequest(null, Object(Config\Cache), false)
14 FCPATH\index.php(79): CodeIgniter\CodeIgniter->run()
CRITICAL - 2024-01-09 07:21:12 --> Undefined variable $conn
in APPPATH\Views\v_home.php on line 307.
 1 APPPATH\Views\v_home.php(307): CodeIgniter\Debug\Exceptions->errorHandler(2, 'Undefined variable $conn', 'C:\\laragon\\www\\bhumipertanahandemo\\app\\Views\\v_home.php', 307)
 2 SYSTEMPATH\View\View.php(228): include('C:\\laragon\\www\\bhumipertanahandemo\\app\\Views\\v_home.php')
 3 SYSTEMPATH\View\View.php(231): CodeIgniter\View\View->CodeIgniter\View\{closure}()
 4 SYSTEMPATH\Common.php(1190): CodeIgniter\View\View->render('v_home', [], true)
 5 APPPATH\Views\template\v_content.php(3): view('v_home')
 6 APPPATH\Views\template\v_wrapper.php(4): require_once('C:\\laragon\\www\\bhumipertanahandemo\\app\\Views\\template\\v_content.php')
 7 SYSTEMPATH\View\View.php(228): include('C:\\laragon\\www\\bhumipertanahandemo\\app\\Views\\template\\v_wrapper.php')
 8 SYSTEMPATH\View\View.php(231): CodeIgniter\View\View->CodeIgniter\View\{closure}()
 9 SYSTEMPATH\Common.php(1190): CodeIgniter\View\View->render('template/v_wrapper', [], true)
10 APPPATH\Controllers\Home.php(35): view('template/v_wrapper', [...])
11 SYSTEMPATH\CodeIgniter.php(942): App\Controllers\Home->index()
12 SYSTEMPATH\CodeIgniter.php(502): CodeIgniter\CodeIgniter->runController(Object(App\Controllers\Home))
13 SYSTEMPATH\CodeIgniter.php(361): CodeIgniter\CodeIgniter->handleRequest(null, Object(Config\Cache), false)
14 FCPATH\index.php(79): CodeIgniter\CodeIgniter->run()
CRITICAL - 2024-01-09 07:25:07 --> php_network_getaddresses: getaddrinfo for mysql failed: No such host is known. 
in APPPATH\Views\v_home.php on line 305.
 1 APPPATH\Views\v_home.php(305): mysqli->__construct('mysql:host=localhost;dbname=bhumilumbungrejo', 'root', '')
 2 SYSTEMPATH\View\View.php(228): include('C:\\laragon\\www\\bhumipertanahandemo\\app\\Views\\v_home.php')
 3 SYSTEMPATH\View\View.php(231): CodeIgniter\View\View->CodeIgniter\View\{closure}()
 4 SYSTEMPATH\Common.php(1190): CodeIgniter\View\View->render('v_home', [], true)
 5 APPPATH\Views\template\v_content.php(3): view('v_home')
 6 APPPATH\Views\template\v_wrapper.php(4): require_once('C:\\laragon\\www\\bhumipertanahandemo\\app\\Views\\template\\v_content.php')
 7 SYSTEMPATH\View\View.php(228): include('C:\\laragon\\www\\bhumipertanahandemo\\app\\Views\\template\\v_wrapper.php')
 8 SYSTEMPATH\View\View.php(231): CodeIgniter\View\View->CodeIgniter\View\{closure}()
 9 SYSTEMPATH\Common.php(1190): CodeIgniter\View\View->render('template/v_wrapper', [], true)
10 APPPATH\Controllers\Home.php(35): view('template/v_wrapper', [...])
11 SYSTEMPATH\CodeIgniter.php(942): App\Controllers\Home->index()
12 SYSTEMPATH\CodeIgniter.php(502): CodeIgniter\CodeIgniter->runController(Object(App\Controllers\Home))
13 SYSTEMPATH\CodeIgniter.php(361): CodeIgniter\CodeIgniter->handleRequest(null, Object(Config\Cache), false)
14 FCPATH\index.php(79): CodeIgniter\CodeIgniter->run()
CRITICAL - 2024-01-09 07:27:43 --> mysqli_query(): Argument #1 ($mysql) must be of type mysqli, PDO given
in APPPATH\Views\v_home.php on line 308.
 1 APPPATH\Views\v_home.php(308): mysqli_query(Object(PDO), 'SELECT * FROM tanah WHERE pemilik LIKE \'%Sunardi%\'')
 2 SYSTEMPATH\View\View.php(228): include('C:\\laragon\\www\\bhumipertanahandemo\\app\\Views\\v_home.php')
 3 SYSTEMPATH\View\View.php(231): CodeIgniter\View\View->CodeIgniter\View\{closure}()
 4 SYSTEMPATH\Common.php(1190): CodeIgniter\View\View->render('v_home', [], true)
 5 APPPATH\Views\template\v_content.php(3): view('v_home')
 6 APPPATH\Views\template\v_wrapper.php(4): require_once('C:\\laragon\\www\\bhumipertanahandemo\\app\\Views\\template\\v_content.php')
 7 SYSTEMPATH\View\View.php(228): include('C:\\laragon\\www\\bhumipertanahandemo\\app\\Views\\template\\v_wrapper.php')
 8 SYSTEMPATH\View\View.php(231): CodeIgniter\View\View->CodeIgniter\View\{closure}()
 9 SYSTEMPATH\Common.php(1190): CodeIgniter\View\View->render('template/v_wrapper', [], true)
10 APPPATH\Controllers\Home.php(35): view('template/v_wrapper', [...])
11 SYSTEMPATH\CodeIgniter.php(942): App\Controllers\Home->index()
12 SYSTEMPATH\CodeIgniter.php(502): CodeIgniter\CodeIgniter->runController(Object(App\Controllers\Home))
13 SYSTEMPATH\CodeIgniter.php(361): CodeIgniter\CodeIgniter->handleRequest(null, Object(Config\Cache), false)
14 FCPATH\index.php(79): CodeIgniter\CodeIgniter->run()
CRITICAL - 2024-01-09 07:28:20 --> mysqli_query(): Argument #1 ($mysql) must be of type mysqli, PDO given
in APPPATH\Views\v_home.php on line 308.
 1 APPPATH\Views\v_home.php(308): mysqli_query(Object(PDO), 'SELECT * FROM tanah WHERE pemilik LIKE \'%Sunardi%\'')
 2 SYSTEMPATH\View\View.php(228): include('C:\\laragon\\www\\bhumipertanahandemo\\app\\Views\\v_home.php')
 3 SYSTEMPATH\View\View.php(231): CodeIgniter\View\View->CodeIgniter\View\{closure}()
 4 SYSTEMPATH\Common.php(1190): CodeIgniter\View\View->render('v_home', [], true)
 5 APPPATH\Views\template\v_content.php(3): view('v_home')
 6 APPPATH\Views\template\v_wrapper.php(4): require_once('C:\\laragon\\www\\bhumipertanahandemo\\app\\Views\\template\\v_content.php')
 7 SYSTEMPATH\View\View.php(228): include('C:\\laragon\\www\\bhumipertanahandemo\\app\\Views\\template\\v_wrapper.php')
 8 SYSTEMPATH\View\View.php(231): CodeIgniter\View\View->CodeIgniter\View\{closure}()
 9 SYSTEMPATH\Common.php(1190): CodeIgniter\View\View->render('template/v_wrapper', [], true)
10 APPPATH\Controllers\Home.php(35): view('template/v_wrapper', [...])
11 SYSTEMPATH\CodeIgniter.php(942): App\Controllers\Home->index()
12 SYSTEMPATH\CodeIgniter.php(502): CodeIgniter\CodeIgniter->runController(Object(App\Controllers\Home))
13 SYSTEMPATH\CodeIgniter.php(361): CodeIgniter\CodeIgniter->handleRequest(null, Object(Config\Cache), false)
14 FCPATH\index.php(79): CodeIgniter\CodeIgniter->run()
CRITICAL - 2024-01-09 07:28:38 --> mysqli_query(): Argument #1 ($mysql) must be of type mysqli, PDO given
in APPPATH\Views\v_home.php on line 308.
 1 APPPATH\Views\v_home.php(308): mysqli_query(Object(PDO), 'SELECT * FROM tanah WHERE pemilik LIKE \'%Sunardi%\'')
 2 SYSTEMPATH\View\View.php(228): include('C:\\laragon\\www\\bhumipertanahandemo\\app\\Views\\v_home.php')
 3 SYSTEMPATH\View\View.php(231): CodeIgniter\View\View->CodeIgniter\View\{closure}()
 4 SYSTEMPATH\Common.php(1190): CodeIgniter\View\View->render('v_home', [], true)
 5 APPPATH\Views\template\v_content.php(3): view('v_home')
 6 APPPATH\Views\template\v_wrapper.php(4): require_once('C:\\laragon\\www\\bhumipertanahandemo\\app\\Views\\template\\v_content.php')
 7 SYSTEMPATH\View\View.php(228): include('C:\\laragon\\www\\bhumipertanahandemo\\app\\Views\\template\\v_wrapper.php')
 8 SYSTEMPATH\View\View.php(231): CodeIgniter\View\View->CodeIgniter\View\{closure}()
 9 SYSTEMPATH\Common.php(1190): CodeIgniter\View\View->render('template/v_wrapper', [], true)
10 APPPATH\Controllers\Home.php(35): view('template/v_wrapper', [...])
11 SYSTEMPATH\CodeIgniter.php(942): App\Controllers\Home->index()
12 SYSTEMPATH\CodeIgniter.php(502): CodeIgniter\CodeIgniter->runController(Object(App\Controllers\Home))
13 SYSTEMPATH\CodeIgniter.php(361): CodeIgniter\CodeIgniter->handleRequest(null, Object(Config\Cache), false)
14 FCPATH\index.php(79): CodeIgniter\CodeIgniter->run()
CRITICAL - 2024-01-09 07:28:46 --> Undefined array key "keywordtanah"
in APPPATH\Views\v_home.php on line 306.
 1 APPPATH\Views\v_home.php(306): CodeIgniter\Debug\Exceptions->errorHandler(2, 'Undefined array key "keywordtanah"', 'C:\\laragon\\www\\bhumipertanahandemo\\app\\Views\\v_home.php', 306)
 2 SYSTEMPATH\View\View.php(228): include('C:\\laragon\\www\\bhumipertanahandemo\\app\\Views\\v_home.php')
 3 SYSTEMPATH\View\View.php(231): CodeIgniter\View\View->CodeIgniter\View\{closure}()
 4 SYSTEMPATH\Common.php(1190): CodeIgniter\View\View->render('v_home', [], true)
 5 APPPATH\Views\template\v_content.php(3): view('v_home')
 6 APPPATH\Views\template\v_wrapper.php(4): require_once('C:\\laragon\\www\\bhumipertanahandemo\\app\\Views\\template\\v_content.php')
 7 SYSTEMPATH\View\View.php(228): include('C:\\laragon\\www\\bhumipertanahandemo\\app\\Views\\template\\v_wrapper.php')
 8 SYSTEMPATH\View\View.php(231): CodeIgniter\View\View->CodeIgniter\View\{closure}()
 9 SYSTEMPATH\Common.php(1190): CodeIgniter\View\View->render('template/v_wrapper', [], true)
10 APPPATH\Controllers\Home.php(35): view('template/v_wrapper', [...])
11 SYSTEMPATH\CodeIgniter.php(942): App\Controllers\Home->index()
12 SYSTEMPATH\CodeIgniter.php(502): CodeIgniter\CodeIgniter->runController(Object(App\Controllers\Home))
13 SYSTEMPATH\CodeIgniter.php(361): CodeIgniter\CodeIgniter->handleRequest(null, Object(Config\Cache), false)
14 FCPATH\index.php(79): CodeIgniter\CodeIgniter->run()
CRITICAL - 2024-01-09 07:29:19 --> Access denied for user 'username'@'localhost' (using password: YES)
in APPPATH\Views\v_home.php on line 309.
 1 APPPATH\Views\v_home.php(309): mysqli->__construct('localhost', 'username', 'password', 'database')
 2 SYSTEMPATH\View\View.php(228): include('C:\\laragon\\www\\bhumipertanahandemo\\app\\Views\\v_home.php')
 3 SYSTEMPATH\View\View.php(231): CodeIgniter\View\View->CodeIgniter\View\{closure}()
 4 SYSTEMPATH\Common.php(1190): CodeIgniter\View\View->render('v_home', [], true)
 5 APPPATH\Views\template\v_content.php(3): view('v_home')
 6 APPPATH\Views\template\v_wrapper.php(4): require_once('C:\\laragon\\www\\bhumipertanahandemo\\app\\Views\\template\\v_content.php')
 7 SYSTEMPATH\View\View.php(228): include('C:\\laragon\\www\\bhumipertanahandemo\\app\\Views\\template\\v_wrapper.php')
 8 SYSTEMPATH\View\View.php(231): CodeIgniter\View\View->CodeIgniter\View\{closure}()
 9 SYSTEMPATH\Common.php(1190): CodeIgniter\View\View->render('template/v_wrapper', [], true)
10 APPPATH\Controllers\Home.php(35): view('template/v_wrapper', [...])
11 SYSTEMPATH\CodeIgniter.php(942): App\Controllers\Home->index()
12 SYSTEMPATH\CodeIgniter.php(502): CodeIgniter\CodeIgniter->runController(Object(App\Controllers\Home))
13 SYSTEMPATH\CodeIgniter.php(361): CodeIgniter\CodeIgniter->handleRequest(null, Object(Config\Cache), false)
14 FCPATH\index.php(79): CodeIgniter\CodeIgniter->run()
CRITICAL - 2024-01-09 07:29:41 --> Undefined array key "keywordtanah"
in APPPATH\Views\v_home.php on line 317.
 1 APPPATH\Views\v_home.php(317): CodeIgniter\Debug\Exceptions->errorHandler(2, 'Undefined array key "keywordtanah"', 'C:\\laragon\\www\\bhumipertanahandemo\\app\\Views\\v_home.php', 317)
 2 SYSTEMPATH\View\View.php(228): include('C:\\laragon\\www\\bhumipertanahandemo\\app\\Views\\v_home.php')
 3 SYSTEMPATH\View\View.php(231): CodeIgniter\View\View->CodeIgniter\View\{closure}()
 4 SYSTEMPATH\Common.php(1190): CodeIgniter\View\View->render('v_home', [], true)
 5 APPPATH\Views\template\v_content.php(3): view('v_home')
 6 APPPATH\Views\template\v_wrapper.php(4): require_once('C:\\laragon\\www\\bhumipertanahandemo\\app\\Views\\template\\v_content.php')
 7 SYSTEMPATH\View\View.php(228): include('C:\\laragon\\www\\bhumipertanahandemo\\app\\Views\\template\\v_wrapper.php')
 8 SYSTEMPATH\View\View.php(231): CodeIgniter\View\View->CodeIgniter\View\{closure}()
 9 SYSTEMPATH\Common.php(1190): CodeIgniter\View\View->render('template/v_wrapper', [], true)
10 APPPATH\Controllers\Home.php(35): view('template/v_wrapper', [...])
11 SYSTEMPATH\CodeIgniter.php(942): App\Controllers\Home->index()
12 SYSTEMPATH\CodeIgniter.php(502): CodeIgniter\CodeIgniter->runController(Object(App\Controllers\Home))
13 SYSTEMPATH\CodeIgniter.php(361): CodeIgniter\CodeIgniter->handleRequest(null, Object(Config\Cache), false)
14 FCPATH\index.php(79): CodeIgniter\CodeIgniter->run()
CRITICAL - 2024-01-09 07:30:21 --> Undefined array key "keywordtanah"
in APPPATH\Views\v_home.php on line 317.
 1 APPPATH\Views\v_home.php(317): CodeIgniter\Debug\Exceptions->errorHandler(2, 'Undefined array key "keywordtanah"', 'C:\\laragon\\www\\bhumipertanahandemo\\app\\Views\\v_home.php', 317)
 2 SYSTEMPATH\View\View.php(228): include('C:\\laragon\\www\\bhumipertanahandemo\\app\\Views\\v_home.php')
 3 SYSTEMPATH\View\View.php(231): CodeIgniter\View\View->CodeIgniter\View\{closure}()
 4 SYSTEMPATH\Common.php(1190): CodeIgniter\View\View->render('v_home', [], true)
 5 APPPATH\Views\template\v_content.php(3): view('v_home')
 6 APPPATH\Views\template\v_wrapper.php(4): require_once('C:\\laragon\\www\\bhumipertanahandemo\\app\\Views\\template\\v_content.php')
 7 SYSTEMPATH\View\View.php(228): include('C:\\laragon\\www\\bhumipertanahandemo\\app\\Views\\template\\v_wrapper.php')
 8 SYSTEMPATH\View\View.php(231): CodeIgniter\View\View->CodeIgniter\View\{closure}()
 9 SYSTEMPATH\Common.php(1190): CodeIgniter\View\View->render('template/v_wrapper', [], true)
10 APPPATH\Controllers\Home.php(35): view('template/v_wrapper', [...])
11 SYSTEMPATH\CodeIgniter.php(942): App\Controllers\Home->index()
12 SYSTEMPATH\CodeIgniter.php(502): CodeIgniter\CodeIgniter->runController(Object(App\Controllers\Home))
13 SYSTEMPATH\CodeIgniter.php(361): CodeIgniter\CodeIgniter->handleRequest(null, Object(Config\Cache), false)
14 FCPATH\index.php(79): CodeIgniter\CodeIgniter->run()
CRITICAL - 2024-01-09 07:31:56 --> Undefined array key "keywordtanah"
in APPPATH\Views\v_home.php on line 317.
 1 APPPATH\Views\v_home.php(317): CodeIgniter\Debug\Exceptions->errorHandler(2, 'Undefined array key "keywordtanah"', 'C:\\laragon\\www\\bhumipertanahandemo\\app\\Views\\v_home.php', 317)
 2 SYSTEMPATH\View\View.php(228): include('C:\\laragon\\www\\bhumipertanahandemo\\app\\Views\\v_home.php')
 3 SYSTEMPATH\View\View.php(231): CodeIgniter\View\View->CodeIgniter\View\{closure}()
 4 SYSTEMPATH\Common.php(1190): CodeIgniter\View\View->render('v_home', [], true)
 5 APPPATH\Views\template\v_content.php(3): view('v_home')
 6 APPPATH\Views\template\v_wrapper.php(4): require_once('C:\\laragon\\www\\bhumipertanahandemo\\app\\Views\\template\\v_content.php')
 7 SYSTEMPATH\View\View.php(228): include('C:\\laragon\\www\\bhumipertanahandemo\\app\\Views\\template\\v_wrapper.php')
 8 SYSTEMPATH\View\View.php(231): CodeIgniter\View\View->CodeIgniter\View\{closure}()
 9 SYSTEMPATH\Common.php(1190): CodeIgniter\View\View->render('template/v_wrapper', [], true)
10 APPPATH\Controllers\Home.php(35): view('template/v_wrapper', [...])
11 SYSTEMPATH\CodeIgniter.php(942): App\Controllers\Home->index()
12 SYSTEMPATH\CodeIgniter.php(502): CodeIgniter\CodeIgniter->runController(Object(App\Controllers\Home))
13 SYSTEMPATH\CodeIgniter.php(361): CodeIgniter\CodeIgniter->handleRequest(null, Object(Config\Cache), false)
14 FCPATH\index.php(79): CodeIgniter\CodeIgniter->run()
CRITICAL - 2024-01-09 07:34:29 --> Class "App\Controllers\mysqli" not found
in APPPATH\Controllers\Home.php on line 30.
 1 SYSTEMPATH\CodeIgniter.php(942): App\Controllers\Home->index()
 2 SYSTEMPATH\CodeIgniter.php(502): CodeIgniter\CodeIgniter->runController(Object(App\Controllers\Home))
 3 SYSTEMPATH\CodeIgniter.php(361): CodeIgniter\CodeIgniter->handleRequest(null, Object(Config\Cache), false)
 4 FCPATH\index.php(79): CodeIgniter\CodeIgniter->run()
CRITICAL - 2024-01-09 07:43:10 --> SQLSTATE[HY000] [1045] Access denied for user 'username'@'localhost' (using password: YES)
in APPPATH\Views\v_home.php on line 200.
 1 APPPATH\Views\v_home.php(200): PDO->__construct('mysql:host=localhost;dbname=nama_database', 'username', 'password')
 2 SYSTEMPATH\View\View.php(228): include('C:\\laragon\\www\\bhumipertanahandemo\\app\\Views\\v_home.php')
 3 SYSTEMPATH\View\View.php(231): CodeIgniter\View\View->CodeIgniter\View\{closure}()
 4 SYSTEMPATH\Common.php(1190): CodeIgniter\View\View->render('v_home', [], true)
 5 APPPATH\Views\template\v_content.php(3): view('v_home')
 6 APPPATH\Views\template\v_wrapper.php(4): require_once('C:\\laragon\\www\\bhumipertanahandemo\\app\\Views\\template\\v_content.php')
 7 SYSTEMPATH\View\View.php(228): include('C:\\laragon\\www\\bhumipertanahandemo\\app\\Views\\template\\v_wrapper.php')
 8 SYSTEMPATH\View\View.php(231): CodeIgniter\View\View->CodeIgniter\View\{closure}()
 9 SYSTEMPATH\Common.php(1190): CodeIgniter\View\View->render('template/v_wrapper', [], true)
10 APPPATH\Controllers\Home.php(26): view('template/v_wrapper', [...])
11 SYSTEMPATH\CodeIgniter.php(942): App\Controllers\Home->index()
12 SYSTEMPATH\CodeIgniter.php(502): CodeIgniter\CodeIgniter->runController(Object(App\Controllers\Home))
13 SYSTEMPATH\CodeIgniter.php(361): CodeIgniter\CodeIgniter->handleRequest(null, Object(Config\Cache), false)
14 FCPATH\index.php(79): CodeIgniter\CodeIgniter->run()
CRITICAL - 2024-01-09 07:43:44 --> Call to a member function prepare() on null
in APPPATH\Views\v_home.php on line 205.
 1 APPPATH\Views\v_home.php(213): cariTanah('Slamet')
 2 SYSTEMPATH\View\View.php(228): include('C:\\laragon\\www\\bhumipertanahandemo\\app\\Views\\v_home.php')
 3 SYSTEMPATH\View\View.php(231): CodeIgniter\View\View->CodeIgniter\View\{closure}()
 4 SYSTEMPATH\Common.php(1190): CodeIgniter\View\View->render('v_home', [], true)
 5 APPPATH\Views\template\v_content.php(3): view('v_home')
 6 APPPATH\Views\template\v_wrapper.php(4): require_once('C:\\laragon\\www\\bhumipertanahandemo\\app\\Views\\template\\v_content.php')
 7 SYSTEMPATH\View\View.php(228): include('C:\\laragon\\www\\bhumipertanahandemo\\app\\Views\\template\\v_wrapper.php')
 8 SYSTEMPATH\View\View.php(231): CodeIgniter\View\View->CodeIgniter\View\{closure}()
 9 SYSTEMPATH\Common.php(1190): CodeIgniter\View\View->render('template/v_wrapper', [], true)
10 APPPATH\Controllers\Home.php(26): view('template/v_wrapper', [...])
11 SYSTEMPATH\CodeIgniter.php(942): App\Controllers\Home->index()
12 SYSTEMPATH\CodeIgniter.php(502): CodeIgniter\CodeIgniter->runController(Object(App\Controllers\Home))
13 SYSTEMPATH\CodeIgniter.php(361): CodeIgniter\CodeIgniter->handleRequest(null, Object(Config\Cache), false)
14 FCPATH\index.php(79): CodeIgniter\CodeIgniter->run()
CRITICAL - 2024-01-09 07:44:58 --> Call to a member function prepare() on null
in APPPATH\Views\v_home.php on line 205.
 1 APPPATH\Views\v_home.php(213): cariTanah('Slamet')
 2 SYSTEMPATH\View\View.php(228): include('C:\\laragon\\www\\bhumipertanahandemo\\app\\Views\\v_home.php')
 3 SYSTEMPATH\View\View.php(231): CodeIgniter\View\View->CodeIgniter\View\{closure}()
 4 SYSTEMPATH\Common.php(1190): CodeIgniter\View\View->render('v_home', [], true)
 5 APPPATH\Views\template\v_content.php(3): view('v_home')
 6 APPPATH\Views\template\v_wrapper.php(4): require_once('C:\\laragon\\www\\bhumipertanahandemo\\app\\Views\\template\\v_content.php')
 7 SYSTEMPATH\View\View.php(228): include('C:\\laragon\\www\\bhumipertanahandemo\\app\\Views\\template\\v_wrapper.php')
 8 SYSTEMPATH\View\View.php(231): CodeIgniter\View\View->CodeIgniter\View\{closure}()
 9 SYSTEMPATH\Common.php(1190): CodeIgniter\View\View->render('template/v_wrapper', [], true)
10 APPPATH\Controllers\Home.php(26): view('template/v_wrapper', [...])
11 SYSTEMPATH\CodeIgniter.php(942): App\Controllers\Home->index()
12 SYSTEMPATH\CodeIgniter.php(502): CodeIgniter\CodeIgniter->runController(Object(App\Controllers\Home))
13 SYSTEMPATH\CodeIgniter.php(361): CodeIgniter\CodeIgniter->handleRequest(null, Object(Config\Cache), false)
14 FCPATH\index.php(79): CodeIgniter\CodeIgniter->run()
CRITICAL - 2024-01-09 07:45:06 --> Call to a member function prepare() on null
in APPPATH\Views\v_home.php on line 205.
 1 APPPATH\Views\v_home.php(213): cariTanah('')
 2 SYSTEMPATH\View\View.php(228): include('C:\\laragon\\www\\bhumipertanahandemo\\app\\Views\\v_home.php')
 3 SYSTEMPATH\View\View.php(231): CodeIgniter\View\View->CodeIgniter\View\{closure}()
 4 SYSTEMPATH\Common.php(1190): CodeIgniter\View\View->render('v_home', [], true)
 5 APPPATH\Views\template\v_content.php(3): view('v_home')
 6 APPPATH\Views\template\v_wrapper.php(4): require_once('C:\\laragon\\www\\bhumipertanahandemo\\app\\Views\\template\\v_content.php')
 7 SYSTEMPATH\View\View.php(228): include('C:\\laragon\\www\\bhumipertanahandemo\\app\\Views\\template\\v_wrapper.php')
 8 SYSTEMPATH\View\View.php(231): CodeIgniter\View\View->CodeIgniter\View\{closure}()
 9 SYSTEMPATH\Common.php(1190): CodeIgniter\View\View->render('template/v_wrapper', [], true)
10 APPPATH\Controllers\Home.php(26): view('template/v_wrapper', [...])
11 SYSTEMPATH\CodeIgniter.php(942): App\Controllers\Home->index()
12 SYSTEMPATH\CodeIgniter.php(502): CodeIgniter\CodeIgniter->runController(Object(App\Controllers\Home))
13 SYSTEMPATH\CodeIgniter.php(361): CodeIgniter\CodeIgniter->handleRequest(null, Object(Config\Cache), false)
14 FCPATH\index.php(79): CodeIgniter\CodeIgniter->run()
CRITICAL - 2024-01-09 07:46:38 --> Call to a member function prepare() on null
in APPPATH\Views\v_home.php on line 24.
 1 APPPATH\Views\v_home.php(32): cariTanah('')
 2 SYSTEMPATH\View\View.php(228): include('C:\\laragon\\www\\bhumipertanahandemo\\app\\Views\\v_home.php')
 3 SYSTEMPATH\View\View.php(231): CodeIgniter\View\View->CodeIgniter\View\{closure}()
 4 SYSTEMPATH\Common.php(1190): CodeIgniter\View\View->render('v_home', [], true)
 5 APPPATH\Views\template\v_content.php(3): view('v_home')
 6 APPPATH\Views\template\v_wrapper.php(4): require_once('C:\\laragon\\www\\bhumipertanahandemo\\app\\Views\\template\\v_content.php')
 7 SYSTEMPATH\View\View.php(228): include('C:\\laragon\\www\\bhumipertanahandemo\\app\\Views\\template\\v_wrapper.php')
 8 SYSTEMPATH\View\View.php(231): CodeIgniter\View\View->CodeIgniter\View\{closure}()
 9 SYSTEMPATH\Common.php(1190): CodeIgniter\View\View->render('template/v_wrapper', [], true)
10 APPPATH\Controllers\Home.php(26): view('template/v_wrapper', [...])
11 SYSTEMPATH\CodeIgniter.php(942): App\Controllers\Home->index()
12 SYSTEMPATH\CodeIgniter.php(502): CodeIgniter\CodeIgniter->runController(Object(App\Controllers\Home))
13 SYSTEMPATH\CodeIgniter.php(361): CodeIgniter\CodeIgniter->handleRequest(null, Object(Config\Cache), false)
14 FCPATH\index.php(79): CodeIgniter\CodeIgniter->run()
CRITICAL - 2024-01-09 07:46:45 --> Call to a member function prepare() on null
in APPPATH\Views\v_home.php on line 24.
 1 APPPATH\Views\v_home.php(32): cariTanah('Slamet')
 2 SYSTEMPATH\View\View.php(228): include('C:\\laragon\\www\\bhumipertanahandemo\\app\\Views\\v_home.php')
 3 SYSTEMPATH\View\View.php(231): CodeIgniter\View\View->CodeIgniter\View\{closure}()
 4 SYSTEMPATH\Common.php(1190): CodeIgniter\View\View->render('v_home', [], true)
 5 APPPATH\Views\template\v_content.php(3): view('v_home')
 6 APPPATH\Views\template\v_wrapper.php(4): require_once('C:\\laragon\\www\\bhumipertanahandemo\\app\\Views\\template\\v_content.php')
 7 SYSTEMPATH\View\View.php(228): include('C:\\laragon\\www\\bhumipertanahandemo\\app\\Views\\template\\v_wrapper.php')
 8 SYSTEMPATH\View\View.php(231): CodeIgniter\View\View->CodeIgniter\View\{closure}()
 9 SYSTEMPATH\Common.php(1190): CodeIgniter\View\View->render('template/v_wrapper', [], true)
10 APPPATH\Controllers\Home.php(26): view('template/v_wrapper', [...])
11 SYSTEMPATH\CodeIgniter.php(942): App\Controllers\Home->index()
12 SYSTEMPATH\CodeIgniter.php(502): CodeIgniter\CodeIgniter->runController(Object(App\Controllers\Home))
13 SYSTEMPATH\CodeIgniter.php(361): CodeIgniter\CodeIgniter->handleRequest(null, Object(Config\Cache), false)
14 FCPATH\index.php(79): CodeIgniter\CodeIgniter->run()
CRITICAL - 2024-01-09 07:50:29 --> Call to a member function prepare() on null
in APPPATH\Views\v_home.php on line 24.
 1 APPPATH\Views\v_home.php(32): cariTanah('Slamet')
 2 SYSTEMPATH\View\View.php(228): include('C:\\laragon\\www\\bhumipertanahandemo\\app\\Views\\v_home.php')
 3 SYSTEMPATH\View\View.php(231): CodeIgniter\View\View->CodeIgniter\View\{closure}()
 4 SYSTEMPATH\Common.php(1190): CodeIgniter\View\View->render('v_home', [], true)
 5 APPPATH\Views\template\v_content.php(3): view('v_home')
 6 APPPATH\Views\template\v_wrapper.php(4): require_once('C:\\laragon\\www\\bhumipertanahandemo\\app\\Views\\template\\v_content.php')
 7 SYSTEMPATH\View\View.php(228): include('C:\\laragon\\www\\bhumipertanahandemo\\app\\Views\\template\\v_wrapper.php')
 8 SYSTEMPATH\View\View.php(231): CodeIgniter\View\View->CodeIgniter\View\{closure}()
 9 SYSTEMPATH\Common.php(1190): CodeIgniter\View\View->render('template/v_wrapper', [], true)
10 APPPATH\Controllers\Home.php(26): view('template/v_wrapper', [...])
11 SYSTEMPATH\CodeIgniter.php(942): App\Controllers\Home->index()
12 SYSTEMPATH\CodeIgniter.php(502): CodeIgniter\CodeIgniter->runController(Object(App\Controllers\Home))
13 SYSTEMPATH\CodeIgniter.php(361): CodeIgniter\CodeIgniter->handleRequest(null, Object(Config\Cache), false)
14 FCPATH\index.php(79): CodeIgniter\CodeIgniter->run()
CRITICAL - 2024-01-09 07:50:33 --> Call to a member function prepare() on null
in APPPATH\Views\v_home.php on line 24.
 1 APPPATH\Views\v_home.php(32): cariTanah('Slamet')
 2 SYSTEMPATH\View\View.php(228): include('C:\\laragon\\www\\bhumipertanahandemo\\app\\Views\\v_home.php')
 3 SYSTEMPATH\View\View.php(231): CodeIgniter\View\View->CodeIgniter\View\{closure}()
 4 SYSTEMPATH\Common.php(1190): CodeIgniter\View\View->render('v_home', [], true)
 5 APPPATH\Views\template\v_content.php(3): view('v_home')
 6 APPPATH\Views\template\v_wrapper.php(4): require_once('C:\\laragon\\www\\bhumipertanahandemo\\app\\Views\\template\\v_content.php')
 7 SYSTEMPATH\View\View.php(228): include('C:\\laragon\\www\\bhumipertanahandemo\\app\\Views\\template\\v_wrapper.php')
 8 SYSTEMPATH\View\View.php(231): CodeIgniter\View\View->CodeIgniter\View\{closure}()
 9 SYSTEMPATH\Common.php(1190): CodeIgniter\View\View->render('template/v_wrapper', [], true)
10 APPPATH\Controllers\Home.php(26): view('template/v_wrapper', [...])
11 SYSTEMPATH\CodeIgniter.php(942): App\Controllers\Home->index()
12 SYSTEMPATH\CodeIgniter.php(502): CodeIgniter\CodeIgniter->runController(Object(App\Controllers\Home))
13 SYSTEMPATH\CodeIgniter.php(361): CodeIgniter\CodeIgniter->handleRequest(null, Object(Config\Cache), false)
14 FCPATH\index.php(79): CodeIgniter\CodeIgniter->run()
CRITICAL - 2024-01-09 08:09:05 --> Undefined variable $data
in APPPATH\Views\v_home.php on line 14.
 1 APPPATH\Views\v_home.php(14): CodeIgniter\Debug\Exceptions->errorHandler(2, 'Undefined variable $data', 'C:\\laragon\\www\\bhumipertanahandemo\\app\\Views\\v_home.php', 14)
 2 SYSTEMPATH\View\View.php(228): include('C:\\laragon\\www\\bhumipertanahandemo\\app\\Views\\v_home.php')
 3 SYSTEMPATH\View\View.php(231): CodeIgniter\View\View->CodeIgniter\View\{closure}()
 4 SYSTEMPATH\Common.php(1190): CodeIgniter\View\View->render('v_home', [], true)
 5 APPPATH\Views\template\v_content.php(3): view('v_home')
 6 APPPATH\Views\template\v_wrapper.php(4): require_once('C:\\laragon\\www\\bhumipertanahandemo\\app\\Views\\template\\v_content.php')
 7 SYSTEMPATH\View\View.php(228): include('C:\\laragon\\www\\bhumipertanahandemo\\app\\Views\\template\\v_wrapper.php')
 8 SYSTEMPATH\View\View.php(231): CodeIgniter\View\View->CodeIgniter\View\{closure}()
 9 SYSTEMPATH\Common.php(1190): CodeIgniter\View\View->render('template/v_wrapper', [], true)
10 APPPATH\Controllers\Home.php(26): view('template/v_wrapper', [...])
11 SYSTEMPATH\CodeIgniter.php(942): App\Controllers\Home->index()
12 SYSTEMPATH\CodeIgniter.php(502): CodeIgniter\CodeIgniter->runController(Object(App\Controllers\Home))
13 SYSTEMPATH\CodeIgniter.php(361): CodeIgniter\CodeIgniter->handleRequest(null, Object(Config\Cache), false)
14 FCPATH\index.php(79): CodeIgniter\CodeIgniter->run()
CRITICAL - 2024-01-09 08:19:53 --> Undefined variable $layertanahmerah_json
in APPPATH\Views\v_home.php on line 358.
 1 APPPATH\Views\v_home.php(358): CodeIgniter\Debug\Exceptions->errorHandler(2, 'Undefined variable $layertanahmerah_json', 'C:\\laragon\\www\\bhumipertanahandemo\\app\\Views\\v_home.php', 358)
 2 SYSTEMPATH\View\View.php(228): include('C:\\laragon\\www\\bhumipertanahandemo\\app\\Views\\v_home.php')
 3 SYSTEMPATH\View\View.php(231): CodeIgniter\View\View->CodeIgniter\View\{closure}()
 4 SYSTEMPATH\Common.php(1190): CodeIgniter\View\View->render('v_home', [], true)
 5 APPPATH\Views\template\v_content.php(3): view('v_home')
 6 APPPATH\Views\template\v_wrapper.php(4): require_once('C:\\laragon\\www\\bhumipertanahandemo\\app\\Views\\template\\v_content.php')
 7 SYSTEMPATH\View\View.php(228): include('C:\\laragon\\www\\bhumipertanahandemo\\app\\Views\\template\\v_wrapper.php')
 8 SYSTEMPATH\View\View.php(231): CodeIgniter\View\View->CodeIgniter\View\{closure}()
 9 SYSTEMPATH\Common.php(1190): CodeIgniter\View\View->render('template/v_wrapper', [], true)
10 APPPATH\Controllers\Home.php(26): view('template/v_wrapper', [...])
11 SYSTEMPATH\CodeIgniter.php(942): App\Controllers\Home->index()
12 SYSTEMPATH\CodeIgniter.php(502): CodeIgniter\CodeIgniter->runController(Object(App\Controllers\Home))
13 SYSTEMPATH\CodeIgniter.php(361): CodeIgniter\CodeIgniter->handleRequest(null, Object(Config\Cache), false)
14 FCPATH\index.php(79): CodeIgniter\CodeIgniter->run()
CRITICAL - 2024-01-09 08:20:06 --> Undefined variable $layertanahmerah_json
in APPPATH\Views\v_home.php on line 358.
 1 APPPATH\Views\v_home.php(358): CodeIgniter\Debug\Exceptions->errorHandler(2, 'Undefined variable $layertanahmerah_json', 'C:\\laragon\\www\\bhumipertanahandemo\\app\\Views\\v_home.php', 358)
 2 SYSTEMPATH\View\View.php(228): include('C:\\laragon\\www\\bhumipertanahandemo\\app\\Views\\v_home.php')
 3 SYSTEMPATH\View\View.php(231): CodeIgniter\View\View->CodeIgniter\View\{closure}()
 4 SYSTEMPATH\Common.php(1190): CodeIgniter\View\View->render('v_home', [], true)
 5 APPPATH\Views\template\v_content.php(3): view('v_home')
 6 APPPATH\Views\template\v_wrapper.php(4): require_once('C:\\laragon\\www\\bhumipertanahandemo\\app\\Views\\template\\v_content.php')
 7 SYSTEMPATH\View\View.php(228): include('C:\\laragon\\www\\bhumipertanahandemo\\app\\Views\\template\\v_wrapper.php')
 8 SYSTEMPATH\View\View.php(231): CodeIgniter\View\View->CodeIgniter\View\{closure}()
 9 SYSTEMPATH\Common.php(1190): CodeIgniter\View\View->render('template/v_wrapper', [], true)
10 APPPATH\Controllers\Home.php(26): view('template/v_wrapper', [...])
11 SYSTEMPATH\CodeIgniter.php(942): App\Controllers\Home->index()
12 SYSTEMPATH\CodeIgniter.php(502): CodeIgniter\CodeIgniter->runController(Object(App\Controllers\Home))
13 SYSTEMPATH\CodeIgniter.php(361): CodeIgniter\CodeIgniter->handleRequest(null, Object(Config\Cache), false)
14 FCPATH\index.php(79): CodeIgniter\CodeIgniter->run()
CRITICAL - 2024-01-09 08:20:16 --> Undefined variable $layertanahmerah_json
in APPPATH\Views\v_home.php on line 358.
 1 APPPATH\Views\v_home.php(358): CodeIgniter\Debug\Exceptions->errorHandler(2, 'Undefined variable $layertanahmerah_json', 'C:\\laragon\\www\\bhumipertanahandemo\\app\\Views\\v_home.php', 358)
 2 SYSTEMPATH\View\View.php(228): include('C:\\laragon\\www\\bhumipertanahandemo\\app\\Views\\v_home.php')
 3 SYSTEMPATH\View\View.php(231): CodeIgniter\View\View->CodeIgniter\View\{closure}()
 4 SYSTEMPATH\Common.php(1190): CodeIgniter\View\View->render('v_home', [], true)
 5 APPPATH\Views\template\v_content.php(3): view('v_home')
 6 APPPATH\Views\template\v_wrapper.php(4): require_once('C:\\laragon\\www\\bhumipertanahandemo\\app\\Views\\template\\v_content.php')
 7 SYSTEMPATH\View\View.php(228): include('C:\\laragon\\www\\bhumipertanahandemo\\app\\Views\\template\\v_wrapper.php')
 8 SYSTEMPATH\View\View.php(231): CodeIgniter\View\View->CodeIgniter\View\{closure}()
 9 SYSTEMPATH\Common.php(1190): CodeIgniter\View\View->render('template/v_wrapper', [], true)
10 APPPATH\Controllers\Home.php(26): view('template/v_wrapper', [...])
11 SYSTEMPATH\CodeIgniter.php(942): App\Controllers\Home->index()
12 SYSTEMPATH\CodeIgniter.php(502): CodeIgniter\CodeIgniter->runController(Object(App\Controllers\Home))
13 SYSTEMPATH\CodeIgniter.php(361): CodeIgniter\CodeIgniter->handleRequest(null, Object(Config\Cache), false)
14 FCPATH\index.php(79): CodeIgniter\CodeIgniter->run()
CRITICAL - 2024-01-09 08:20:26 --> Undefined variable $layertanahmerah_json
in APPPATH\Views\v_home.php on line 358.
 1 APPPATH\Views\v_home.php(358): CodeIgniter\Debug\Exceptions->errorHandler(2, 'Undefined variable $layertanahmerah_json', 'C:\\laragon\\www\\bhumipertanahandemo\\app\\Views\\v_home.php', 358)
 2 SYSTEMPATH\View\View.php(228): include('C:\\laragon\\www\\bhumipertanahandemo\\app\\Views\\v_home.php')
 3 SYSTEMPATH\View\View.php(231): CodeIgniter\View\View->CodeIgniter\View\{closure}()
 4 SYSTEMPATH\Common.php(1190): CodeIgniter\View\View->render('v_home', [], true)
 5 APPPATH\Views\template\v_content.php(3): view('v_home')
 6 APPPATH\Views\template\v_wrapper.php(4): require_once('C:\\laragon\\www\\bhumipertanahandemo\\app\\Views\\template\\v_content.php')
 7 SYSTEMPATH\View\View.php(228): include('C:\\laragon\\www\\bhumipertanahandemo\\app\\Views\\template\\v_wrapper.php')
 8 SYSTEMPATH\View\View.php(231): CodeIgniter\View\View->CodeIgniter\View\{closure}()
 9 SYSTEMPATH\Common.php(1190): CodeIgniter\View\View->render('template/v_wrapper', [], true)
10 APPPATH\Controllers\Home.php(26): view('template/v_wrapper', [...])
11 SYSTEMPATH\CodeIgniter.php(942): App\Controllers\Home->index()
12 SYSTEMPATH\CodeIgniter.php(502): CodeIgniter\CodeIgniter->runController(Object(App\Controllers\Home))
13 SYSTEMPATH\CodeIgniter.php(361): CodeIgniter\CodeIgniter->handleRequest(null, Object(Config\Cache), false)
14 FCPATH\index.php(79): CodeIgniter\CodeIgniter->run()
