CRITICAL - 2024-01-10 02:32:33 --> Undefined array key "keywordtanah"
in APPPATH\Views\v_home.php on line 23.
 1 APPPATH\Views\v_home.php(23): CodeIgniter\Debug\Exceptions->errorHandler(2, 'Undefined array key "keywordtanah"', 'C:\\laragon\\www\\bhumipertanahandemo\\app\\Views\\v_home.php', 23)
 2 SYSTEMPATH\View\View.php(228): include('C:\\laragon\\www\\bhumipertanahandemo\\app\\Views\\v_home.php')
 3 SYSTEMPATH\View\View.php(231): CodeIgniter\View\View->CodeIgniter\View\{closure}()
 4 SYSTEMPATH\Common.php(1190): CodeIgniter\View\View->render('v_home', [], true)
 5 APPPATH\Views\template\v_content.php(3): view('v_home')
 6 APPPATH\Views\template\v_wrapper.php(4): require_once('C:\\laragon\\www\\bhumipertanahandemo\\app\\Views\\template\\v_content.php')
 7 SYSTEMPATH\View\View.php(228): include('C:\\laragon\\www\\bhumipertanahandemo\\app\\Views\\template\\v_wrapper.php')
 8 SYSTEMPATH\View\View.php(231): CodeIgniter\View\View->CodeIgniter\View\{closure}()
 9 SYSTEMPATH\Common.php(1190): CodeIgniter\View\View->render('template/v_wrapper', [], true)
10 APPPATH\Controllers\Home.php(26): view('template/v_wrapper', [...])
11 SYSTEMPATH\CodeIgniter.php(942): App\Controllers\Home->index()
12 SYSTEMPATH\CodeIgniter.php(502): CodeIgniter\CodeIgniter->runController(Object(App\Controllers\Home))
13 SYSTEMPATH\CodeIgniter.php(361): CodeIgniter\CodeIgniter->handleRequest(null, Object(Config\Cache), false)
14 FCPATH\index.php(79): CodeIgniter\CodeIgniter->run()
CRITICAL - 2024-01-10 02:32:51 --> Undefined array key "keywordnik"
in APPPATH\Views\v_home.php on line 24.
 1 APPPATH\Views\v_home.php(24): CodeIgniter\Debug\Exceptions->errorHandler(2, 'Undefined array key "keywordnik"', 'C:\\laragon\\www\\bhumipertanahandemo\\app\\Views\\v_home.php', 24)
 2 SYSTEMPATH\View\View.php(228): include('C:\\laragon\\www\\bhumipertanahandemo\\app\\Views\\v_home.php')
 3 SYSTEMPATH\View\View.php(231): CodeIgniter\View\View->CodeIgniter\View\{closure}()
 4 SYSTEMPATH\Common.php(1190): CodeIgniter\View\View->render('v_home', [], true)
 5 APPPATH\Views\template\v_content.php(3): view('v_home')
 6 APPPATH\Views\template\v_wrapper.php(4): require_once('C:\\laragon\\www\\bhumipertanahandemo\\app\\Views\\template\\v_content.php')
 7 SYSTEMPATH\View\View.php(228): include('C:\\laragon\\www\\bhumipertanahandemo\\app\\Views\\template\\v_wrapper.php')
 8 SYSTEMPATH\View\View.php(231): CodeIgniter\View\View->CodeIgniter\View\{closure}()
 9 SYSTEMPATH\Common.php(1190): CodeIgniter\View\View->render('template/v_wrapper', [], true)
10 APPPATH\Controllers\Home.php(26): view('template/v_wrapper', [...])
11 SYSTEMPATH\CodeIgniter.php(942): App\Controllers\Home->index()
12 SYSTEMPATH\CodeIgniter.php(502): CodeIgniter\CodeIgniter->runController(Object(App\Controllers\Home))
13 SYSTEMPATH\CodeIgniter.php(361): CodeIgniter\CodeIgniter->handleRequest(null, Object(Config\Cache), false)
14 FCPATH\index.php(79): CodeIgniter\CodeIgniter->run()
CRITICAL - 2024-01-10 07:49:39 --> Undefined variable $layertanahmerah_json
in APPPATH\Views\v_home.php on line 350.
 1 APPPATH\Views\v_home.php(350): CodeIgniter\Debug\Exceptions->errorHandler(2, 'Undefined variable $layertanahmerah_json', 'C:\\laragon\\www\\bhumipertanahandemo\\app\\Views\\v_home.php', 350)
 2 SYSTEMPATH\View\View.php(228): include('C:\\laragon\\www\\bhumipertanahandemo\\app\\Views\\v_home.php')
 3 SYSTEMPATH\View\View.php(231): CodeIgniter\View\View->CodeIgniter\View\{closure}()
 4 SYSTEMPATH\Common.php(1190): CodeIgniter\View\View->render('v_home', [], true)
 5 APPPATH\Views\template\v_content.php(3): view('v_home')
 6 APPPATH\Views\template\v_wrapper.php(4): require_once('C:\\laragon\\www\\bhumipertanahandemo\\app\\Views\\template\\v_content.php')
 7 SYSTEMPATH\View\View.php(228): include('C:\\laragon\\www\\bhumipertanahandemo\\app\\Views\\template\\v_wrapper.php')
 8 SYSTEMPATH\View\View.php(231): CodeIgniter\View\View->CodeIgniter\View\{closure}()
 9 SYSTEMPATH\Common.php(1190): CodeIgniter\View\View->render('template/v_wrapper', [], true)
10 APPPATH\Controllers\Home.php(26): view('template/v_wrapper', [...])
11 SYSTEMPATH\CodeIgniter.php(942): App\Controllers\Home->index()
12 SYSTEMPATH\CodeIgniter.php(502): CodeIgniter\CodeIgniter->runController(Object(App\Controllers\Home))
13 SYSTEMPATH\CodeIgniter.php(361): CodeIgniter\CodeIgniter->handleRequest(null, Object(Config\Cache), false)
14 FCPATH\index.php(79): CodeIgniter\CodeIgniter->run()
