CRITICAL - 2024-01-08 06:25:26 --> Class "App\Controllers\m_tanah" not found
in APPPATH\Controllers\Home.php on line 12.
 1 SYSTEMPATH\CodeIgniter.php(914): App\Controllers\Home->__construct()
 2 SYSTEMPATH\CodeIgniter.php(493): CodeIgniter\CodeIgniter->createController()
 3 SYSTEMPATH\CodeIgniter.php(361): CodeIgniter\CodeIgniter->handleRequest(null, Object(Config\Cache), false)
 4 FCPATH\index.php(79): CodeIgniter\CodeIgniter->run()
CRITICAL - 2024-01-08 06:25:45 --> Class "App\Controllers\m_tanah" not found
in APPPATH\Controllers\Home.php on line 12.
 1 SYSTEMPATH\CodeIgniter.php(914): App\Controllers\Home->__construct()
 2 SYSTEMPATH\CodeIgniter.php(493): CodeIgniter\CodeIgniter->createController()
 3 SYSTEMPATH\CodeIgniter.php(361): CodeIgniter\CodeIgniter->handleRequest(null, Object(Config\Cache), false)
 4 FCPATH\index.php(79): CodeIgniter\CodeIgniter->run()
CRITICAL - 2024-01-08 06:25:46 --> Class "App\Controllers\m_tanah" not found
in APPPATH\Controllers\Home.php on line 12.
 1 SYSTEMPATH\CodeIgniter.php(914): App\Controllers\Home->__construct()
 2 SYSTEMPATH\CodeIgniter.php(493): CodeIgniter\CodeIgniter->createController()
 3 SYSTEMPATH\CodeIgniter.php(361): CodeIgniter\CodeIgniter->handleRequest(null, Object(Config\Cache), false)
 4 FCPATH\index.php(79): CodeIgniter\CodeIgniter->run()
CRITICAL - 2024-01-08 06:25:48 --> Class "App\Controllers\m_tanah" not found
in APPPATH\Controllers\Home.php on line 12.
 1 SYSTEMPATH\CodeIgniter.php(914): App\Controllers\Home->__construct()
 2 SYSTEMPATH\CodeIgniter.php(493): CodeIgniter\CodeIgniter->createController()
 3 SYSTEMPATH\CodeIgniter.php(361): CodeIgniter\CodeIgniter->handleRequest(null, Object(Config\Cache), false)
 4 FCPATH\index.php(79): CodeIgniter\CodeIgniter->run()
CRITICAL - 2024-01-08 06:25:49 --> Class "App\Controllers\m_tanah" not found
in APPPATH\Controllers\Home.php on line 12.
 1 SYSTEMPATH\CodeIgniter.php(914): App\Controllers\Home->__construct()
 2 SYSTEMPATH\CodeIgniter.php(493): CodeIgniter\CodeIgniter->createController()
 3 SYSTEMPATH\CodeIgniter.php(361): CodeIgniter\CodeIgniter->handleRequest(null, Object(Config\Cache), false)
 4 FCPATH\index.php(79): CodeIgniter\CodeIgniter->run()
CRITICAL - 2024-01-08 06:26:09 --> Call to undefined method App\Models\m_tanah::get_all_data
in SYSTEMPATH\Model.php on line 873.
 1 APPPATH\Controllers\Home.php(20): CodeIgniter\Model->__call('get_all_data', [])
 2 SYSTEMPATH\CodeIgniter.php(942): App\Controllers\Home->index()
 3 SYSTEMPATH\CodeIgniter.php(502): CodeIgniter\CodeIgniter->runController(Object(App\Controllers\Home))
 4 SYSTEMPATH\CodeIgniter.php(361): CodeIgniter\CodeIgniter->handleRequest(null, Object(Config\Cache), false)
 5 FCPATH\index.php(79): CodeIgniter\CodeIgniter->run()
CRITICAL - 2024-01-08 06:30:20 --> Undefined variable $idtanah
in APPPATH\Views\v_home.php on line 185.
 1 APPPATH\Views\v_home.php(185): CodeIgniter\Debug\Exceptions->errorHandler(2, 'Undefined variable $idtanah', 'C:\\laragon\\www\\bhumipertanahandemo\\app\\Views\\v_home.php', 185)
 2 SYSTEMPATH\View\View.php(228): include('C:\\laragon\\www\\bhumipertanahandemo\\app\\Views\\v_home.php')
 3 SYSTEMPATH\View\View.php(231): CodeIgniter\View\View->CodeIgniter\View\{closure}()
 4 SYSTEMPATH\Common.php(1190): CodeIgniter\View\View->render('v_home', [], true)
 5 APPPATH\Views\template\v_content.php(3): view('v_home')
 6 APPPATH\Views\template\v_wrapper.php(4): require_once('C:\\laragon\\www\\bhumipertanahandemo\\app\\Views\\template\\v_content.php')
 7 SYSTEMPATH\View\View.php(228): include('C:\\laragon\\www\\bhumipertanahandemo\\app\\Views\\template\\v_wrapper.php')
 8 SYSTEMPATH\View\View.php(231): CodeIgniter\View\View->CodeIgniter\View\{closure}()
 9 SYSTEMPATH\Common.php(1190): CodeIgniter\View\View->render('template/v_wrapper', [], true)
10 APPPATH\Controllers\Home.php(24): view('template/v_wrapper', [...])
11 SYSTEMPATH\CodeIgniter.php(942): App\Controllers\Home->index()
12 SYSTEMPATH\CodeIgniter.php(502): CodeIgniter\CodeIgniter->runController(Object(App\Controllers\Home))
13 SYSTEMPATH\CodeIgniter.php(361): CodeIgniter\CodeIgniter->handleRequest(null, Object(Config\Cache), false)
14 FCPATH\index.php(79): CodeIgniter\CodeIgniter->run()
CRITICAL - 2024-01-08 06:32:56 --> syntax error, unexpected token "endforeach", expecting end of file
in APPPATH\Views\v_home.php on line 215.
 1 SYSTEMPATH\View\View.php(231): CodeIgniter\View\View->CodeIgniter\View\{closure}()
 2 SYSTEMPATH\Common.php(1190): CodeIgniter\View\View->render('v_home', [], true)
 3 APPPATH\Views\template\v_content.php(3): view('v_home')
 4 APPPATH\Views\template\v_wrapper.php(4): require_once('C:\\laragon\\www\\bhumipertanahandemo\\app\\Views\\template\\v_content.php')
 5 SYSTEMPATH\View\View.php(228): include('C:\\laragon\\www\\bhumipertanahandemo\\app\\Views\\template\\v_wrapper.php')
 6 SYSTEMPATH\View\View.php(231): CodeIgniter\View\View->CodeIgniter\View\{closure}()
 7 SYSTEMPATH\Common.php(1190): CodeIgniter\View\View->render('template/v_wrapper', [], true)
 8 APPPATH\Controllers\Home.php(25): view('template/v_wrapper', [...])
 9 SYSTEMPATH\CodeIgniter.php(942): App\Controllers\Home->index()
10 SYSTEMPATH\CodeIgniter.php(502): CodeIgniter\CodeIgniter->runController(Object(App\Controllers\Home))
11 SYSTEMPATH\CodeIgniter.php(361): CodeIgniter\CodeIgniter->handleRequest(null, Object(Config\Cache), false)
12 FCPATH\index.php(79): CodeIgniter\CodeIgniter->run()
CRITICAL - 2024-01-08 06:44:08 --> Undefined variable $tanahkasdesa
in APPPATH\Views\v_home.php on line 183.
 1 APPPATH\Views\v_home.php(183): CodeIgniter\Debug\Exceptions->errorHandler(2, 'Undefined variable $tanahkasdesa', 'C:\\laragon\\www\\bhumipertanahandemo\\app\\Views\\v_home.php', 183)
 2 SYSTEMPATH\View\View.php(228): include('C:\\laragon\\www\\bhumipertanahandemo\\app\\Views\\v_home.php')
 3 SYSTEMPATH\View\View.php(231): CodeIgniter\View\View->CodeIgniter\View\{closure}()
 4 SYSTEMPATH\Common.php(1190): CodeIgniter\View\View->render('v_home', [], true)
 5 APPPATH\Views\template\v_content.php(3): view('v_home')
 6 APPPATH\Views\template\v_wrapper.php(4): require_once('C:\\laragon\\www\\bhumipertanahandemo\\app\\Views\\template\\v_content.php')
 7 SYSTEMPATH\View\View.php(228): include('C:\\laragon\\www\\bhumipertanahandemo\\app\\Views\\template\\v_wrapper.php')
 8 SYSTEMPATH\View\View.php(231): CodeIgniter\View\View->CodeIgniter\View\{closure}()
 9 SYSTEMPATH\Common.php(1190): CodeIgniter\View\View->render('template/v_wrapper', [], true)
10 APPPATH\Controllers\Home.php(25): view('template/v_wrapper', [...])
11 SYSTEMPATH\CodeIgniter.php(942): App\Controllers\Home->index()
12 SYSTEMPATH\CodeIgniter.php(502): CodeIgniter\CodeIgniter->runController(Object(App\Controllers\Home))
13 SYSTEMPATH\CodeIgniter.php(361): CodeIgniter\CodeIgniter->handleRequest(null, Object(Config\Cache), false)
14 FCPATH\index.php(79): CodeIgniter\CodeIgniter->run()
CRITICAL - 2024-01-08 06:44:17 --> Attempt to read property "id" on array
in APPPATH\Views\v_home.php on line 183.
 1 APPPATH\Views\v_home.php(183): CodeIgniter\Debug\Exceptions->errorHandler(2, 'Attempt to read property "id" on array', 'C:\\laragon\\www\\bhumipertanahandemo\\app\\Views\\v_home.php', 183)
 2 SYSTEMPATH\View\View.php(228): include('C:\\laragon\\www\\bhumipertanahandemo\\app\\Views\\v_home.php')
 3 SYSTEMPATH\View\View.php(231): CodeIgniter\View\View->CodeIgniter\View\{closure}()
 4 SYSTEMPATH\Common.php(1190): CodeIgniter\View\View->render('v_home', [], true)
 5 APPPATH\Views\template\v_content.php(3): view('v_home')
 6 APPPATH\Views\template\v_wrapper.php(4): require_once('C:\\laragon\\www\\bhumipertanahandemo\\app\\Views\\template\\v_content.php')
 7 SYSTEMPATH\View\View.php(228): include('C:\\laragon\\www\\bhumipertanahandemo\\app\\Views\\template\\v_wrapper.php')
 8 SYSTEMPATH\View\View.php(231): CodeIgniter\View\View->CodeIgniter\View\{closure}()
 9 SYSTEMPATH\Common.php(1190): CodeIgniter\View\View->render('template/v_wrapper', [], true)
10 APPPATH\Controllers\Home.php(25): view('template/v_wrapper', [...])
11 SYSTEMPATH\CodeIgniter.php(942): App\Controllers\Home->index()
12 SYSTEMPATH\CodeIgniter.php(502): CodeIgniter\CodeIgniter->runController(Object(App\Controllers\Home))
13 SYSTEMPATH\CodeIgniter.php(361): CodeIgniter\CodeIgniter->handleRequest(null, Object(Config\Cache), false)
14 FCPATH\index.php(79): CodeIgniter\CodeIgniter->run()
CRITICAL - 2024-01-08 06:44:38 --> Attempt to read property "id" on array
in APPPATH\Views\v_home.php on line 183.
 1 APPPATH\Views\v_home.php(183): CodeIgniter\Debug\Exceptions->errorHandler(2, 'Attempt to read property "id" on array', 'C:\\laragon\\www\\bhumipertanahandemo\\app\\Views\\v_home.php', 183)
 2 SYSTEMPATH\View\View.php(228): include('C:\\laragon\\www\\bhumipertanahandemo\\app\\Views\\v_home.php')
 3 SYSTEMPATH\View\View.php(231): CodeIgniter\View\View->CodeIgniter\View\{closure}()
 4 SYSTEMPATH\Common.php(1190): CodeIgniter\View\View->render('v_home', [], true)
 5 APPPATH\Views\template\v_content.php(3): view('v_home')
 6 APPPATH\Views\template\v_wrapper.php(4): require_once('C:\\laragon\\www\\bhumipertanahandemo\\app\\Views\\template\\v_content.php')
 7 SYSTEMPATH\View\View.php(228): include('C:\\laragon\\www\\bhumipertanahandemo\\app\\Views\\template\\v_wrapper.php')
 8 SYSTEMPATH\View\View.php(231): CodeIgniter\View\View->CodeIgniter\View\{closure}()
 9 SYSTEMPATH\Common.php(1190): CodeIgniter\View\View->render('template/v_wrapper', [], true)
10 APPPATH\Controllers\Home.php(25): view('template/v_wrapper', [...])
11 SYSTEMPATH\CodeIgniter.php(942): App\Controllers\Home->index()
12 SYSTEMPATH\CodeIgniter.php(502): CodeIgniter\CodeIgniter->runController(Object(App\Controllers\Home))
13 SYSTEMPATH\CodeIgniter.php(361): CodeIgniter\CodeIgniter->handleRequest(null, Object(Config\Cache), false)
14 FCPATH\index.php(79): CodeIgniter\CodeIgniter->run()
CRITICAL - 2024-01-08 06:44:49 --> Attempt to read property "id" on array
in APPPATH\Views\v_home.php on line 183.
 1 APPPATH\Views\v_home.php(183): CodeIgniter\Debug\Exceptions->errorHandler(2, 'Attempt to read property "id" on array', 'C:\\laragon\\www\\bhumipertanahandemo\\app\\Views\\v_home.php', 183)
 2 SYSTEMPATH\View\View.php(228): include('C:\\laragon\\www\\bhumipertanahandemo\\app\\Views\\v_home.php')
 3 SYSTEMPATH\View\View.php(231): CodeIgniter\View\View->CodeIgniter\View\{closure}()
 4 SYSTEMPATH\Common.php(1190): CodeIgniter\View\View->render('v_home', [], true)
 5 APPPATH\Views\template\v_content.php(3): view('v_home')
 6 APPPATH\Views\template\v_wrapper.php(4): require_once('C:\\laragon\\www\\bhumipertanahandemo\\app\\Views\\template\\v_content.php')
 7 SYSTEMPATH\View\View.php(228): include('C:\\laragon\\www\\bhumipertanahandemo\\app\\Views\\template\\v_wrapper.php')
 8 SYSTEMPATH\View\View.php(231): CodeIgniter\View\View->CodeIgniter\View\{closure}()
 9 SYSTEMPATH\Common.php(1190): CodeIgniter\View\View->render('template/v_wrapper', [], true)
10 APPPATH\Controllers\Home.php(25): view('template/v_wrapper', [...])
11 SYSTEMPATH\CodeIgniter.php(942): App\Controllers\Home->index()
12 SYSTEMPATH\CodeIgniter.php(502): CodeIgniter\CodeIgniter->runController(Object(App\Controllers\Home))
13 SYSTEMPATH\CodeIgniter.php(361): CodeIgniter\CodeIgniter->handleRequest(null, Object(Config\Cache), false)
14 FCPATH\index.php(79): CodeIgniter\CodeIgniter->run()
CRITICAL - 2024-01-08 06:47:18 --> Attempt to read property "id" on array
in APPPATH\Views\v_home.php on line 183.
 1 APPPATH\Views\v_home.php(183): CodeIgniter\Debug\Exceptions->errorHandler(2, 'Attempt to read property "id" on array', 'C:\\laragon\\www\\bhumipertanahandemo\\app\\Views\\v_home.php', 183)
 2 SYSTEMPATH\View\View.php(228): include('C:\\laragon\\www\\bhumipertanahandemo\\app\\Views\\v_home.php')
 3 SYSTEMPATH\View\View.php(231): CodeIgniter\View\View->CodeIgniter\View\{closure}()
 4 SYSTEMPATH\Common.php(1190): CodeIgniter\View\View->render('v_home', [], true)
 5 APPPATH\Views\template\v_content.php(3): view('v_home')
 6 APPPATH\Views\template\v_wrapper.php(4): require_once('C:\\laragon\\www\\bhumipertanahandemo\\app\\Views\\template\\v_content.php')
 7 SYSTEMPATH\View\View.php(228): include('C:\\laragon\\www\\bhumipertanahandemo\\app\\Views\\template\\v_wrapper.php')
 8 SYSTEMPATH\View\View.php(231): CodeIgniter\View\View->CodeIgniter\View\{closure}()
 9 SYSTEMPATH\Common.php(1190): CodeIgniter\View\View->render('template/v_wrapper', [], true)
10 APPPATH\Controllers\Home.php(25): view('template/v_wrapper', [...])
11 SYSTEMPATH\CodeIgniter.php(942): App\Controllers\Home->index()
12 SYSTEMPATH\CodeIgniter.php(502): CodeIgniter\CodeIgniter->runController(Object(App\Controllers\Home))
13 SYSTEMPATH\CodeIgniter.php(361): CodeIgniter\CodeIgniter->handleRequest(null, Object(Config\Cache), false)
14 FCPATH\index.php(79): CodeIgniter\CodeIgniter->run()
CRITICAL - 2024-01-08 06:48:46 --> Attempt to read property "id" on array
in APPPATH\Views\v_home.php on line 183.
 1 APPPATH\Views\v_home.php(183): CodeIgniter\Debug\Exceptions->errorHandler(2, 'Attempt to read property "id" on array', 'C:\\laragon\\www\\bhumipertanahandemo\\app\\Views\\v_home.php', 183)
 2 SYSTEMPATH\View\View.php(228): include('C:\\laragon\\www\\bhumipertanahandemo\\app\\Views\\v_home.php')
 3 SYSTEMPATH\View\View.php(231): CodeIgniter\View\View->CodeIgniter\View\{closure}()
 4 SYSTEMPATH\Common.php(1190): CodeIgniter\View\View->render('v_home', [], true)
 5 APPPATH\Views\template\v_content.php(3): view('v_home')
 6 APPPATH\Views\template\v_wrapper.php(4): require_once('C:\\laragon\\www\\bhumipertanahandemo\\app\\Views\\template\\v_content.php')
 7 SYSTEMPATH\View\View.php(228): include('C:\\laragon\\www\\bhumipertanahandemo\\app\\Views\\template\\v_wrapper.php')
 8 SYSTEMPATH\View\View.php(231): CodeIgniter\View\View->CodeIgniter\View\{closure}()
 9 SYSTEMPATH\Common.php(1190): CodeIgniter\View\View->render('template/v_wrapper', [], true)
10 APPPATH\Controllers\Home.php(25): view('template/v_wrapper', [...])
11 SYSTEMPATH\CodeIgniter.php(942): App\Controllers\Home->index()
12 SYSTEMPATH\CodeIgniter.php(502): CodeIgniter\CodeIgniter->runController(Object(App\Controllers\Home))
13 SYSTEMPATH\CodeIgniter.php(361): CodeIgniter\CodeIgniter->handleRequest(null, Object(Config\Cache), false)
14 FCPATH\index.php(79): CodeIgniter\CodeIgniter->run()
CRITICAL - 2024-01-08 06:49:23 --> Attempt to read property "id" on array
in APPPATH\Views\v_home.php on line 183.
 1 APPPATH\Views\v_home.php(183): CodeIgniter\Debug\Exceptions->errorHandler(2, 'Attempt to read property "id" on array', 'C:\\laragon\\www\\bhumipertanahandemo\\app\\Views\\v_home.php', 183)
 2 SYSTEMPATH\View\View.php(228): include('C:\\laragon\\www\\bhumipertanahandemo\\app\\Views\\v_home.php')
 3 SYSTEMPATH\View\View.php(231): CodeIgniter\View\View->CodeIgniter\View\{closure}()
 4 SYSTEMPATH\Common.php(1190): CodeIgniter\View\View->render('v_home', [], true)
 5 APPPATH\Views\template\v_content.php(3): view('v_home')
 6 APPPATH\Views\template\v_wrapper.php(4): require_once('C:\\laragon\\www\\bhumipertanahandemo\\app\\Views\\template\\v_content.php')
 7 SYSTEMPATH\View\View.php(228): include('C:\\laragon\\www\\bhumipertanahandemo\\app\\Views\\template\\v_wrapper.php')
 8 SYSTEMPATH\View\View.php(231): CodeIgniter\View\View->CodeIgniter\View\{closure}()
 9 SYSTEMPATH\Common.php(1190): CodeIgniter\View\View->render('template/v_wrapper', [], true)
10 APPPATH\Controllers\Home.php(25): view('template/v_wrapper', [...])
11 SYSTEMPATH\CodeIgniter.php(942): App\Controllers\Home->index()
12 SYSTEMPATH\CodeIgniter.php(502): CodeIgniter\CodeIgniter->runController(Object(App\Controllers\Home))
13 SYSTEMPATH\CodeIgniter.php(361): CodeIgniter\CodeIgniter->handleRequest(null, Object(Config\Cache), false)
14 FCPATH\index.php(79): CodeIgniter\CodeIgniter->run()
CRITICAL - 2024-01-08 08:53:00 --> Undefined variable $db
in APPPATH\Views\v_home.php on line 11.
 1 APPPATH\Views\v_home.php(11): CodeIgniter\Debug\Exceptions->errorHandler(2, 'Undefined variable $db', 'C:\\laragon\\www\\bhumipertanahandemo\\app\\Views\\v_home.php', 11)
 2 SYSTEMPATH\View\View.php(228): include('C:\\laragon\\www\\bhumipertanahandemo\\app\\Views\\v_home.php')
 3 SYSTEMPATH\View\View.php(231): CodeIgniter\View\View->CodeIgniter\View\{closure}()
 4 SYSTEMPATH\Common.php(1190): CodeIgniter\View\View->render('v_home', [], true)
 5 APPPATH\Views\template\v_content.php(3): view('v_home')
 6 APPPATH\Views\template\v_wrapper.php(4): require_once('C:\\laragon\\www\\bhumipertanahandemo\\app\\Views\\template\\v_content.php')
 7 SYSTEMPATH\View\View.php(228): include('C:\\laragon\\www\\bhumipertanahandemo\\app\\Views\\template\\v_wrapper.php')
 8 SYSTEMPATH\View\View.php(231): CodeIgniter\View\View->CodeIgniter\View\{closure}()
 9 SYSTEMPATH\Common.php(1190): CodeIgniter\View\View->render('template/v_wrapper', [], true)
10 APPPATH\Controllers\Home.php(25): view('template/v_wrapper', [...])
11 SYSTEMPATH\CodeIgniter.php(942): App\Controllers\Home->index()
12 SYSTEMPATH\CodeIgniter.php(502): CodeIgniter\CodeIgniter->runController(Object(App\Controllers\Home))
13 SYSTEMPATH\CodeIgniter.php(361): CodeIgniter\CodeIgniter->handleRequest(null, Object(Config\Cache), false)
14 FCPATH\index.php(79): CodeIgniter\CodeIgniter->run()
