CRITICAL - 2024-12-11 07:12:15 --> Class "App\Controllers\m_aset" not found
in APPPATH\Controllers\Home.php on line 13.
 1 SYSTEMPATH\CodeIgniter.php(914): App\Controllers\Home->__construct()
 2 SYSTEMPATH\CodeIgniter.php(493): CodeIgniter\CodeIgniter->createController()
 3 SYSTEMPATH\CodeIgniter.php(361): CodeIgniter\CodeIgniter->handleRequest(null, Object(Config\Cache), false)
 4 FCPATH\index.php(79): CodeIgniter\CodeIgniter->run()
CRITICAL - 2024-12-11 07:12:37 --> Class "App\Models\m_aset" not found
in APPPATH\Controllers\Home.php on line 13.
 1 SYSTEMPATH\CodeIgniter.php(914): App\Controllers\Home->__construct()
 2 SYSTEMPATH\CodeIgniter.php(493): CodeIgniter\CodeIgniter->createController()
 3 SYSTEMPATH\CodeIgniter.php(361): CodeIgniter\CodeIgniter->handleRequest(null, Object(Config\Cache), false)
 4 FCPATH\index.php(79): CodeIgniter\CodeIgniter->run()
CRITICAL - 2024-12-11 07:12:38 --> Class "App\Models\m_aset" not found
in APPPATH\Controllers\Home.php on line 13.
 1 SYSTEMPATH\CodeIgniter.php(914): App\Controllers\Home->__construct()
 2 SYSTEMPATH\CodeIgniter.php(493): CodeIgniter\CodeIgniter->createController()
 3 SYSTEMPATH\CodeIgniter.php(361): CodeIgniter\CodeIgniter->handleRequest(null, Object(Config\Cache), false)
 4 FCPATH\index.php(79): CodeIgniter\CodeIgniter->run()
CRITICAL - 2024-12-11 07:12:39 --> Class "App\Models\m_aset" not found
in APPPATH\Controllers\Home.php on line 13.
 1 SYSTEMPATH\CodeIgniter.php(914): App\Controllers\Home->__construct()
 2 SYSTEMPATH\CodeIgniter.php(493): CodeIgniter\CodeIgniter->createController()
 3 SYSTEMPATH\CodeIgniter.php(361): CodeIgniter\CodeIgniter->handleRequest(null, Object(Config\Cache), false)
 4 FCPATH\index.php(79): CodeIgniter\CodeIgniter->run()
CRITICAL - 2024-12-11 07:12:41 --> Class "App\Models\m_aset" not found
in APPPATH\Controllers\Home.php on line 13.
 1 SYSTEMPATH\CodeIgniter.php(914): App\Controllers\Home->__construct()
 2 SYSTEMPATH\CodeIgniter.php(493): CodeIgniter\CodeIgniter->createController()
 3 SYSTEMPATH\CodeIgniter.php(361): CodeIgniter\CodeIgniter->handleRequest(null, Object(Config\Cache), false)
 4 FCPATH\index.php(79): CodeIgniter\CodeIgniter->run()
CRITICAL - 2024-12-11 07:17:14 --> syntax error, unexpected token "endforeach", expecting end of file
in APPPATH\Views\v_home.php on line 109.
 1 SYSTEMPATH\View\View.php(231): CodeIgniter\View\View->CodeIgniter\View\{closure}()
 2 SYSTEMPATH\Common.php(1190): CodeIgniter\View\View->render('v_home', [], true)
 3 APPPATH\Views\template\v_content.php(3): view('v_home')
 4 APPPATH\Views\template\v_wrapper.php(4): require_once('D:\\www\\coba3d\\app\\Views\\template\\v_content.php')
 5 SYSTEMPATH\View\View.php(228): include('D:\\www\\coba3d\\app\\Views\\template\\v_wrapper.php')
 6 SYSTEMPATH\View\View.php(231): CodeIgniter\View\View->CodeIgniter\View\{closure}()
 7 SYSTEMPATH\Common.php(1190): CodeIgniter\View\View->render('template/v_wrapper', [], true)
 8 APPPATH\Controllers\Home.php(26): view('template/v_wrapper', [...])
 9 SYSTEMPATH\CodeIgniter.php(942): App\Controllers\Home->index()
10 SYSTEMPATH\CodeIgniter.php(502): CodeIgniter\CodeIgniter->runController(Object(App\Controllers\Home))
11 SYSTEMPATH\CodeIgniter.php(361): CodeIgniter\CodeIgniter->handleRequest(null, Object(Config\Cache), false)
12 FCPATH\index.php(79): CodeIgniter\CodeIgniter->run()
CRITICAL - 2024-12-11 07:19:52 --> Undefined variable $data3d
in APPPATH\Views\v_home.php on line 47.
 1 APPPATH\Views\v_home.php(47): CodeIgniter\Debug\Exceptions->errorHandler(2, 'Undefined variable $data3d', 'D:\\www\\coba3d\\app\\Views\\v_home.php', 47)
 2 SYSTEMPATH\View\View.php(228): include('D:\\www\\coba3d\\app\\Views\\v_home.php')
 3 SYSTEMPATH\View\View.php(231): CodeIgniter\View\View->CodeIgniter\View\{closure}()
 4 SYSTEMPATH\Common.php(1190): CodeIgniter\View\View->render('v_home', [], true)
 5 APPPATH\Views\template\v_content.php(3): view('v_home')
 6 APPPATH\Views\template\v_wrapper.php(4): require_once('D:\\www\\coba3d\\app\\Views\\template\\v_content.php')
 7 SYSTEMPATH\View\View.php(228): include('D:\\www\\coba3d\\app\\Views\\template\\v_wrapper.php')
 8 SYSTEMPATH\View\View.php(231): CodeIgniter\View\View->CodeIgniter\View\{closure}()
 9 SYSTEMPATH\Common.php(1190): CodeIgniter\View\View->render('template/v_wrapper', [], true)
10 APPPATH\Controllers\Home.php(26): view('template/v_wrapper', [...])
11 SYSTEMPATH\CodeIgniter.php(942): App\Controllers\Home->index()
12 SYSTEMPATH\CodeIgniter.php(502): CodeIgniter\CodeIgniter->runController(Object(App\Controllers\Home))
13 SYSTEMPATH\CodeIgniter.php(361): CodeIgniter\CodeIgniter->handleRequest(null, Object(Config\Cache), false)
14 FCPATH\index.php(79): CodeIgniter\CodeIgniter->run()
CRITICAL - 2024-12-11 07:20:00 --> Undefined variable $data3d
in APPPATH\Views\v_home.php on line 47.
 1 APPPATH\Views\v_home.php(47): CodeIgniter\Debug\Exceptions->errorHandler(2, 'Undefined variable $data3d', 'D:\\www\\coba3d\\app\\Views\\v_home.php', 47)
 2 SYSTEMPATH\View\View.php(228): include('D:\\www\\coba3d\\app\\Views\\v_home.php')
 3 SYSTEMPATH\View\View.php(231): CodeIgniter\View\View->CodeIgniter\View\{closure}()
 4 SYSTEMPATH\Common.php(1190): CodeIgniter\View\View->render('v_home', [], true)
 5 APPPATH\Views\template\v_content.php(3): view('v_home')
 6 APPPATH\Views\template\v_wrapper.php(4): require_once('D:\\www\\coba3d\\app\\Views\\template\\v_content.php')
 7 SYSTEMPATH\View\View.php(228): include('D:\\www\\coba3d\\app\\Views\\template\\v_wrapper.php')
 8 SYSTEMPATH\View\View.php(231): CodeIgniter\View\View->CodeIgniter\View\{closure}()
 9 SYSTEMPATH\Common.php(1190): CodeIgniter\View\View->render('template/v_wrapper', [], true)
10 APPPATH\Controllers\Home.php(26): view('template/v_wrapper', [...])
11 SYSTEMPATH\CodeIgniter.php(942): App\Controllers\Home->index()
12 SYSTEMPATH\CodeIgniter.php(502): CodeIgniter\CodeIgniter->runController(Object(App\Controllers\Home))
13 SYSTEMPATH\CodeIgniter.php(361): CodeIgniter\CodeIgniter->handleRequest(null, Object(Config\Cache), false)
14 FCPATH\index.php(79): CodeIgniter\CodeIgniter->run()
CRITICAL - 2024-12-11 07:20:24 --> Undefined variable $data
in APPPATH\Views\v_home.php on line 47.
 1 APPPATH\Views\v_home.php(47): CodeIgniter\Debug\Exceptions->errorHandler(2, 'Undefined variable $data', 'D:\\www\\coba3d\\app\\Views\\v_home.php', 47)
 2 SYSTEMPATH\View\View.php(228): include('D:\\www\\coba3d\\app\\Views\\v_home.php')
 3 SYSTEMPATH\View\View.php(231): CodeIgniter\View\View->CodeIgniter\View\{closure}()
 4 SYSTEMPATH\Common.php(1190): CodeIgniter\View\View->render('v_home', [], true)
 5 APPPATH\Views\template\v_content.php(3): view('v_home')
 6 APPPATH\Views\template\v_wrapper.php(4): require_once('D:\\www\\coba3d\\app\\Views\\template\\v_content.php')
 7 SYSTEMPATH\View\View.php(228): include('D:\\www\\coba3d\\app\\Views\\template\\v_wrapper.php')
 8 SYSTEMPATH\View\View.php(231): CodeIgniter\View\View->CodeIgniter\View\{closure}()
 9 SYSTEMPATH\Common.php(1190): CodeIgniter\View\View->render('template/v_wrapper', [], true)
10 APPPATH\Controllers\Home.php(26): view('template/v_wrapper', [...])
11 SYSTEMPATH\CodeIgniter.php(942): App\Controllers\Home->index()
12 SYSTEMPATH\CodeIgniter.php(502): CodeIgniter\CodeIgniter->runController(Object(App\Controllers\Home))
13 SYSTEMPATH\CodeIgniter.php(361): CodeIgniter\CodeIgniter->handleRequest(null, Object(Config\Cache), false)
14 FCPATH\index.php(79): CodeIgniter\CodeIgniter->run()
CRITICAL - 2024-12-11 07:20:25 --> Undefined variable $data
in APPPATH\Views\v_home.php on line 47.
 1 APPPATH\Views\v_home.php(47): CodeIgniter\Debug\Exceptions->errorHandler(2, 'Undefined variable $data', 'D:\\www\\coba3d\\app\\Views\\v_home.php', 47)
 2 SYSTEMPATH\View\View.php(228): include('D:\\www\\coba3d\\app\\Views\\v_home.php')
 3 SYSTEMPATH\View\View.php(231): CodeIgniter\View\View->CodeIgniter\View\{closure}()
 4 SYSTEMPATH\Common.php(1190): CodeIgniter\View\View->render('v_home', [], true)
 5 APPPATH\Views\template\v_content.php(3): view('v_home')
 6 APPPATH\Views\template\v_wrapper.php(4): require_once('D:\\www\\coba3d\\app\\Views\\template\\v_content.php')
 7 SYSTEMPATH\View\View.php(228): include('D:\\www\\coba3d\\app\\Views\\template\\v_wrapper.php')
 8 SYSTEMPATH\View\View.php(231): CodeIgniter\View\View->CodeIgniter\View\{closure}()
 9 SYSTEMPATH\Common.php(1190): CodeIgniter\View\View->render('template/v_wrapper', [], true)
10 APPPATH\Controllers\Home.php(26): view('template/v_wrapper', [...])
11 SYSTEMPATH\CodeIgniter.php(942): App\Controllers\Home->index()
12 SYSTEMPATH\CodeIgniter.php(502): CodeIgniter\CodeIgniter->runController(Object(App\Controllers\Home))
13 SYSTEMPATH\CodeIgniter.php(361): CodeIgniter\CodeIgniter->handleRequest(null, Object(Config\Cache), false)
14 FCPATH\index.php(79): CodeIgniter\CodeIgniter->run()
CRITICAL - 2024-12-11 07:20:27 --> Undefined variable $data
in APPPATH\Views\v_home.php on line 47.
 1 APPPATH\Views\v_home.php(47): CodeIgniter\Debug\Exceptions->errorHandler(2, 'Undefined variable $data', 'D:\\www\\coba3d\\app\\Views\\v_home.php', 47)
 2 SYSTEMPATH\View\View.php(228): include('D:\\www\\coba3d\\app\\Views\\v_home.php')
 3 SYSTEMPATH\View\View.php(231): CodeIgniter\View\View->CodeIgniter\View\{closure}()
 4 SYSTEMPATH\Common.php(1190): CodeIgniter\View\View->render('v_home', [], true)
 5 APPPATH\Views\template\v_content.php(3): view('v_home')
 6 APPPATH\Views\template\v_wrapper.php(4): require_once('D:\\www\\coba3d\\app\\Views\\template\\v_content.php')
 7 SYSTEMPATH\View\View.php(228): include('D:\\www\\coba3d\\app\\Views\\template\\v_wrapper.php')
 8 SYSTEMPATH\View\View.php(231): CodeIgniter\View\View->CodeIgniter\View\{closure}()
 9 SYSTEMPATH\Common.php(1190): CodeIgniter\View\View->render('template/v_wrapper', [], true)
10 APPPATH\Controllers\Home.php(26): view('template/v_wrapper', [...])
11 SYSTEMPATH\CodeIgniter.php(942): App\Controllers\Home->index()
12 SYSTEMPATH\CodeIgniter.php(502): CodeIgniter\CodeIgniter->runController(Object(App\Controllers\Home))
13 SYSTEMPATH\CodeIgniter.php(361): CodeIgniter\CodeIgniter->handleRequest(null, Object(Config\Cache), false)
14 FCPATH\index.php(79): CodeIgniter\CodeIgniter->run()
CRITICAL - 2024-12-11 07:20:27 --> Undefined variable $data
in APPPATH\Views\v_home.php on line 47.
 1 APPPATH\Views\v_home.php(47): CodeIgniter\Debug\Exceptions->errorHandler(2, 'Undefined variable $data', 'D:\\www\\coba3d\\app\\Views\\v_home.php', 47)
 2 SYSTEMPATH\View\View.php(228): include('D:\\www\\coba3d\\app\\Views\\v_home.php')
 3 SYSTEMPATH\View\View.php(231): CodeIgniter\View\View->CodeIgniter\View\{closure}()
 4 SYSTEMPATH\Common.php(1190): CodeIgniter\View\View->render('v_home', [], true)
 5 APPPATH\Views\template\v_content.php(3): view('v_home')
 6 APPPATH\Views\template\v_wrapper.php(4): require_once('D:\\www\\coba3d\\app\\Views\\template\\v_content.php')
 7 SYSTEMPATH\View\View.php(228): include('D:\\www\\coba3d\\app\\Views\\template\\v_wrapper.php')
 8 SYSTEMPATH\View\View.php(231): CodeIgniter\View\View->CodeIgniter\View\{closure}()
 9 SYSTEMPATH\Common.php(1190): CodeIgniter\View\View->render('template/v_wrapper', [], true)
10 APPPATH\Controllers\Home.php(26): view('template/v_wrapper', [...])
11 SYSTEMPATH\CodeIgniter.php(942): App\Controllers\Home->index()
12 SYSTEMPATH\CodeIgniter.php(502): CodeIgniter\CodeIgniter->runController(Object(App\Controllers\Home))
13 SYSTEMPATH\CodeIgniter.php(361): CodeIgniter\CodeIgniter->handleRequest(null, Object(Config\Cache), false)
14 FCPATH\index.php(79): CodeIgniter\CodeIgniter->run()
CRITICAL - 2024-12-11 07:20:28 --> Undefined variable $data
in APPPATH\Views\v_home.php on line 47.
 1 APPPATH\Views\v_home.php(47): CodeIgniter\Debug\Exceptions->errorHandler(2, 'Undefined variable $data', 'D:\\www\\coba3d\\app\\Views\\v_home.php', 47)
 2 SYSTEMPATH\View\View.php(228): include('D:\\www\\coba3d\\app\\Views\\v_home.php')
 3 SYSTEMPATH\View\View.php(231): CodeIgniter\View\View->CodeIgniter\View\{closure}()
 4 SYSTEMPATH\Common.php(1190): CodeIgniter\View\View->render('v_home', [], true)
 5 APPPATH\Views\template\v_content.php(3): view('v_home')
 6 APPPATH\Views\template\v_wrapper.php(4): require_once('D:\\www\\coba3d\\app\\Views\\template\\v_content.php')
 7 SYSTEMPATH\View\View.php(228): include('D:\\www\\coba3d\\app\\Views\\template\\v_wrapper.php')
 8 SYSTEMPATH\View\View.php(231): CodeIgniter\View\View->CodeIgniter\View\{closure}()
 9 SYSTEMPATH\Common.php(1190): CodeIgniter\View\View->render('template/v_wrapper', [], true)
10 APPPATH\Controllers\Home.php(26): view('template/v_wrapper', [...])
11 SYSTEMPATH\CodeIgniter.php(942): App\Controllers\Home->index()
12 SYSTEMPATH\CodeIgniter.php(502): CodeIgniter\CodeIgniter->runController(Object(App\Controllers\Home))
13 SYSTEMPATH\CodeIgniter.php(361): CodeIgniter\CodeIgniter->handleRequest(null, Object(Config\Cache), false)
14 FCPATH\index.php(79): CodeIgniter\CodeIgniter->run()
CRITICAL - 2024-12-11 07:21:54 --> syntax error, unexpected token "endforeach", expecting end of file
in APPPATH\Views\v_home.php on line 78.
 1 SYSTEMPATH\View\View.php(231): CodeIgniter\View\View->CodeIgniter\View\{closure}()
 2 SYSTEMPATH\Common.php(1190): CodeIgniter\View\View->render('v_home', [], true)
 3 APPPATH\Views\template\v_content.php(3): view('v_home')
 4 APPPATH\Views\template\v_wrapper.php(4): require_once('D:\\www\\coba3d\\app\\Views\\template\\v_content.php')
 5 SYSTEMPATH\View\View.php(228): include('D:\\www\\coba3d\\app\\Views\\template\\v_wrapper.php')
 6 SYSTEMPATH\View\View.php(231): CodeIgniter\View\View->CodeIgniter\View\{closure}()
 7 SYSTEMPATH\Common.php(1190): CodeIgniter\View\View->render('template/v_wrapper', [], true)
 8 APPPATH\Controllers\Home.php(26): view('template/v_wrapper', [...])
 9 SYSTEMPATH\CodeIgniter.php(942): App\Controllers\Home->index()
10 SYSTEMPATH\CodeIgniter.php(502): CodeIgniter\CodeIgniter->runController(Object(App\Controllers\Home))
11 SYSTEMPATH\CodeIgniter.php(361): CodeIgniter\CodeIgniter->handleRequest(null, Object(Config\Cache), false)
12 FCPATH\index.php(79): CodeIgniter\CodeIgniter->run()
